Change Component Designator: Old Designator=C13 New Designator=C18
Change Component Designator: Old Designator=C14 New Designator=C19
Change Component Designator: Old Designator=C15 New Designator=C17
Change Component Designator: Old Designator=C17 New Designator=C23
Change Component Designator: Old Designator=C18 New Designator=C21
Change Component Designator: Old Designator=C19 New Designator=C22
Change Component Designator: Old Designator=D1 New Designator=D2
Change Component Designator: Old Designator=D2 New Designator=D1
Change Component Designator: Old Designator=D3 New Designator=D4
Change Component Designator: Old Designator=D4 New Designator=D3
Change Component Designator: Old Designator=L3 New Designator=L1
Change Component Designator: Old Designator=L5 New Designator=L3
Change Component Designator: Old Designator=R7 New Designator=R9
Change Component Designator: Old Designator=R8 New Designator=R10
Change Component Designator: Old Designator=R9 New Designator=R7
Change Component Designator: Old Designator=R10 New Designator=R8
Change Component Designator: Old Designator=R11 New Designator=R12
Change Component Designator: Old Designator=R12 New Designator=R11
Change Component Designator: Old Designator=R13 New Designator=R14
Change Component Designator: Old Designator=R14 New Designator=R13
Change Component Designator: Old Designator=R15 New Designator=R17
Change Component Designator: Old Designator=R16 New Designator=R18
Change Component Designator: Old Designator=R17 New Designator=R15
Change Component Designator: Old Designator=R18 New Designator=R16
Change Component Designator: Old Designator=R19 New Designator=R20
Change Component Designator: Old Designator=R20 New Designator=R19
Change Component Designator: Old Designator=R21 New Designator=R22
Change Component Designator: Old Designator=R22 New Designator=R21
Change Component Designator: Old Designator=U5 New Designator=U6
Change Component Designator: Old Designator=U6 New Designator=U5
Change Component Designator: Old Designator=U7 New Designator=U8
Change Component Designator: Old Designator=U8 New Designator=U7
