Change Component Designator: Old Designator=C21 New Designator=C25
Change Component Designator: Old Designator=C22 New Designator=C27
Change Component Designator: Old Designator=C23 New Designator=C24
Change Component Designator: Old Designator=C24 New Designator=C26
Change Component Designator: Old Designator=C25 New Designator=C29
Change Component Designator: Old Designator=C26 New Designator=C31
Change Component Designator: Old Designator=C27 New Designator=C28
Change Component Designator: Old Designator=C28 New Designator=C30
Change Component Designator: Old Designator=D7 New Designator=D8
Change Component Designator: Old Designator=D8 New Designator=D7
Change Component Designator: Old Designator=L6 New Designator=L5
Change Component Designator: Old Designator=L7 New Designator=L6
Change Component Designator: Old Designator=L8 New Designator=L7
Change Component Designator: Old Designator=L9 New Designator=L8
Change Component Designator: Old Designator=R31 New Designator=R33
Change Component Designator: Old Designator=R32 New Designator=R34
Change Component Designator: Old Designator=R33 New Designator=R31
Change Component Designator: Old Designator=R34 New Designator=R32
Change Component Designator: Old Designator=R35 New Designator=R36
Change Component Designator: Old Designator=R36 New Designator=R35
Change Component Designator: Old Designator=R37 New Designator=R38
Change Component Designator: Old Designator=R38 New Designator=R37
Change Component Designator: Old Designator=U11 New Designator=U12
Change Component Designator: Old Designator=U12 New Designator=U11
