Change Physical Footprint: Designator=C1 Old Footprint=CAP_CL10_SAM New Footprint=CAP_CL10_SAM
Change Physical Footprint: Designator=C2 Old Footprint=CAP_GCM15_MUR New Footprint=CAP_GCM15_MUR
Change Physical Footprint: Designator=C3 Old Footprint=CAP_CL10_SAM New Footprint=CAP_CL10_SAM
Change Physical Footprint: Designator=C4 Old Footprint=CAP_GCM15_MUR New Footprint=CAP_GCM15_MUR
Change Physical Footprint: Designator=C5 Old Footprint=G-155_MUR New Footprint=G-155_MUR
Change Physical Footprint: Designator=C6 Old Footprint=CAP_GCM15_MUR New Footprint=CAP_GCM15_MUR
Change Physical Footprint: Designator=C7 Old Footprint=G-155_MUR New Footprint=G-155_MUR
Change Physical Footprint: Designator=C8 Old Footprint=CAP_GCM15_MUR New Footprint=CAP_GCM15_MUR
Change Physical Footprint: Designator=C9 Old Footprint=G-155_MUR New Footprint=G-155_MUR
Change Physical Footprint: Designator=C10 Old Footprint=CAP_GCM15_MUR New Footprint=CAP_GCM15_MUR
Change Physical Footprint: Designator=C11 Old Footprint=CAP_GRM155Z_MUR New Footprint=CAP_GRM155Z_MUR
Change Physical Footprint: Designator=C12 Old Footprint=CAP_GRM1555_1XP5_MUR New Footprint=CAP_GRM1555_1XP5_MUR
Change Physical Footprint: Designator=C13 Old Footprint=CAP_GCM15_MUR New Footprint=CAP_GCM15_MUR
Change Physical Footprint: Designator=C14 Old Footprint=CAP_GRM155Z_MUR New Footprint=CAP_GRM155Z_MUR
Change Physical Footprint: Designator=C15 Old Footprint=CAP_GRM155Z_MUR New Footprint=CAP_GRM155Z_MUR
Change Physical Footprint: Designator=C16 Old Footprint=CAP_GCM15_MUR New Footprint=CAP_GCM15_MUR
Change Physical Footprint: Designator=C17 Old Footprint=G-155_MUR New Footprint=G-155_MUR
Change Physical Footprint: Designator=C18 Old Footprint=CAP_GCM15_MUR New Footprint=CAP_GCM15_MUR
Change Physical Footprint: Designator=C19 Old Footprint=G-155_MUR New Footprint=G-155_MUR
Change Physical Footprint: Designator=C20 Old Footprint=CAP_GCM15_MUR New Footprint=CAP_GCM15_MUR
Change Physical Footprint: Designator=C21 Old Footprint=G-155_MUR New Footprint=G-155_MUR
Change Physical Footprint: Designator=C22 Old Footprint=CAP_GCM15_MUR New Footprint=CAP_GCM15_MUR
Change Physical Footprint: Designator=C23 Old Footprint=G-155_MUR New Footprint=G-155_MUR
Change Physical Footprint: Designator=C24 Old Footprint=CAP_GCM15_MUR New Footprint=CAP_GCM15_MUR
Change Physical Footprint: Designator=C25 Old Footprint=G-155_MUR New Footprint=G-155_MUR
Change Physical Footprint: Designator=C26 Old Footprint=CAP_GCM15_MUR New Footprint=CAP_GCM15_MUR
Change Physical Footprint: Designator=C27 Old Footprint=G-155_MUR New Footprint=G-155_MUR
Change Physical Footprint: Designator=C28 Old Footprint=CAP_GCM15_MUR New Footprint=CAP_GCM15_MUR
Change Physical Footprint: Designator=C29 Old Footprint=G-155_MUR New Footprint=G-155_MUR
Change Physical Footprint: Designator=C30 Old Footprint=CAP_GCM15_MUR New Footprint=CAP_GCM15_MUR
Change Physical Footprint: Designator=C31 Old Footprint=G-155_MUR New Footprint=G-155_MUR
Change Physical Footprint: Designator=C32 Old Footprint=CAP_GCM15_MUR New Footprint=CAP_GCM15_MUR
Change Physical Footprint: Designator=C33 Old Footprint=G-155_MUR New Footprint=G-155_MUR
Change Physical Footprint: Designator=C34 Old Footprint=G-155_MUR New Footprint=G-155_MUR
Change Physical Footprint: Designator=C35 Old Footprint=CAP_GCM15_MUR New Footprint=CAP_GCM15_MUR
Change Physical Footprint: Designator=C36 Old Footprint=CAP_GRM155Z_MUR New Footprint=CAP_GRM155Z_MUR
Change Physical Footprint: Designator=C37 Old Footprint=G-155_MUR New Footprint=G-155_MUR
Change Physical Footprint: Designator=C38 Old Footprint=CAP_GCM15_MUR New Footprint=CAP_GCM15_MUR
Change Physical Footprint: Designator=C39 Old Footprint=CAP_GCM15_MUR New Footprint=CAP_GCM15_MUR
Change Physical Footprint: Designator=C40 Old Footprint=G-155_MUR New Footprint=G-155_MUR
Change Physical Footprint: Designator=C41 Old Footprint=CAP_GCM15_MUR New Footprint=CAP_GCM15_MUR
Change Physical Footprint: Designator=C42 Old Footprint=G-155_MUR New Footprint=G-155_MUR
Change Physical Footprint: Designator=C43 Old Footprint=CAP_GCM15_MUR New Footprint=CAP_GCM15_MUR
Change Physical Footprint: Designator=C44 Old Footprint=CAP_GCM15_MUR New Footprint=CAP_GCM15_MUR
Change Physical Footprint: Designator=C45 Old Footprint=G-155_MUR New Footprint=G-155_MUR
Change Physical Footprint: Designator=CN1 Old Footprint=JACK - P4 New Footprint=JACK - P4
Change Physical Footprint: Designator=D1 Old Footprint=TO127P540X1680-3N New Footprint=TO127P540X1680-3N
Change Physical Footprint: Designator=D2 Old Footprint=TO127P540X1680-3N New Footprint=TO127P540X1680-3N
Change Physical Footprint: Designator=D3 Old Footprint=TO127P540X1680-3N New Footprint=TO127P540X1680-3N
Change Physical Footprint: Designator=D4 Old Footprint=TO127P540X1680-3N New Footprint=TO127P540X1680-3N
Change Physical Footprint: Designator=D5 Old Footprint=TO127P540X1680-3N New Footprint=TO127P540X1680-3N
Change Physical Footprint: Designator=D6 Old Footprint=TO127P540X1680-3N New Footprint=TO127P540X1680-3N
Change Physical Footprint: Designator=D7 Old Footprint=TO127P540X1680-3N New Footprint=TO127P540X1680-3N
Change Physical Footprint: Designator=D8 Old Footprint=TO127P540X1680-3N New Footprint=TO127P540X1680-3N
Change Physical Footprint: Designator=DF1 Old Footprint=SODFL3618X143N New Footprint=SODFL3618X143N
Change Physical Footprint: Designator=L1 Old Footprint=IND_1608_TDK New Footprint=IND_1608_TDK
Change Physical Footprint: Designator=L2 Old Footprint=IND_1608_TDK New Footprint=IND_1608_TDK
Change Physical Footprint: Designator=L3 Old Footprint=IND_1608_TDK New Footprint=IND_1608_TDK
Change Physical Footprint: Designator=L4 Old Footprint=IND_1608_TDK New Footprint=IND_1608_TDK
Change Physical Footprint: Designator=L5 Old Footprint=IND_1608_TDK New Footprint=IND_1608_TDK
Change Physical Footprint: Designator=L6 Old Footprint=IND_1608_TDK New Footprint=IND_1608_TDK
Change Physical Footprint: Designator=L7 Old Footprint=IND_1608_TDK New Footprint=IND_1608_TDK
Change Physical Footprint: Designator=L8 Old Footprint=IND_1608_TDK New Footprint=IND_1608_TDK
Change Physical Footprint: Designator=LF1 Old Footprint=IND_TAIYO_BRL3225_TAY New Footprint=IND_TAIYO_BRL3225_TAY
Change Physical Footprint: Designator=R1 Old Footprint=RC0402N_YAG New Footprint=RC0402N_YAG
Change Physical Footprint: Designator=R2 Old Footprint=RC0402N_YAG New Footprint=RC0402N_YAG
Change Physical Footprint: Designator=R3 Old Footprint=RC0402N_YAG New Footprint=RC0402N_YAG
Change Physical Footprint: Designator=R4 Old Footprint=RC0402N_YAG New Footprint=RC0402N_YAG
Change Physical Footprint: Designator=R5 Old Footprint=RC0402N_YAG New Footprint=RC0402N_YAG
Change Physical Footprint: Designator=R6 Old Footprint=RC0402N_YAG New Footprint=RC0402N_YAG
Change Physical Footprint: Designator=R7 Old Footprint=RC0402N_YAG New Footprint=RC0402N_YAG
Change Physical Footprint: Designator=R8 Old Footprint=RC0402N_YAG New Footprint=RC0402N_YAG
Change Physical Footprint: Designator=R9 Old Footprint=RC0402N_YAG New Footprint=RC0402N_YAG
Change Physical Footprint: Designator=R10 Old Footprint=RC0402N_YAG New Footprint=RC0402N_YAG
Change Physical Footprint: Designator=R11 Old Footprint=RC0402N_YAG New Footprint=RC0402N_YAG
Change Physical Footprint: Designator=R12 Old Footprint=RC0402N_YAG New Footprint=RC0402N_YAG
Change Physical Footprint: Designator=R13 Old Footprint=RC0402N_YAG New Footprint=RC0402N_YAG
Change Physical Footprint: Designator=R14 Old Footprint=RC0402N_YAG New Footprint=RC0402N_YAG
Change Physical Footprint: Designator=R15 Old Footprint=RC0402N_YAG New Footprint=RC0402N_YAG
Change Physical Footprint: Designator=R16 Old Footprint=RC0402N_YAG New Footprint=RC0402N_YAG
Change Physical Footprint: Designator=R17 Old Footprint=RC0402N_YAG New Footprint=RC0402N_YAG
Change Physical Footprint: Designator=R18 Old Footprint=RC0402N_YAG New Footprint=RC0402N_YAG
Change Physical Footprint: Designator=R19 Old Footprint=RC0402N_YAG New Footprint=RC0402N_YAG
Change Physical Footprint: Designator=R20 Old Footprint=RC0402N_YAG New Footprint=RC0402N_YAG
Change Physical Footprint: Designator=R21 Old Footprint=RC0402N_YAG New Footprint=RC0402N_YAG
Change Physical Footprint: Designator=R22 Old Footprint=RC0402N_YAG New Footprint=RC0402N_YAG
Change Physical Footprint: Designator=R23 Old Footprint=RC0402N_YAG New Footprint=RC0402N_YAG
Change Physical Footprint: Designator=R24 Old Footprint=RC0402N_YAG New Footprint=RC0402N_YAG
Change Physical Footprint: Designator=R25 Old Footprint=RC0402N_YAG New Footprint=RC0402N_YAG
Change Physical Footprint: Designator=R26 Old Footprint=RC0402N_YAG New Footprint=RC0402N_YAG
Change Physical Footprint: Designator=R27 Old Footprint=RC0402N_YAG New Footprint=RC0402N_YAG
Change Physical Footprint: Designator=R28 Old Footprint=RC0402N_YAG New Footprint=RC0402N_YAG
Change Physical Footprint: Designator=R29 Old Footprint=RC0402N_YAG New Footprint=RC0402N_YAG
Change Physical Footprint: Designator=R30 Old Footprint=RC0402N_YAG New Footprint=RC0402N_YAG
Change Physical Footprint: Designator=R31 Old Footprint=RC0402N_YAG New Footprint=RC0402N_YAG
Change Physical Footprint: Designator=R32 Old Footprint=RC0402N_YAG New Footprint=RC0402N_YAG
Change Physical Footprint: Designator=R33 Old Footprint=RC0402N_YAG New Footprint=RC0402N_YAG
Change Physical Footprint: Designator=R34 Old Footprint=RC0402N_YAG New Footprint=RC0402N_YAG
Change Physical Footprint: Designator=R35 Old Footprint=RC0402N_YAG New Footprint=RC0402N_YAG
Change Physical Footprint: Designator=R36 Old Footprint=RC0402N_YAG New Footprint=RC0402N_YAG
Change Physical Footprint: Designator=R37 Old Footprint=RC0402N_YAG New Footprint=RC0402N_YAG
Change Physical Footprint: Designator=R38 Old Footprint=RC0402N_YAG New Footprint=RC0402N_YAG
Change Physical Footprint: Designator=R39 Old Footprint=RC0402N_YAG New Footprint=RC0402N_YAG
Change Physical Footprint: Designator=R40 Old Footprint=RC0402N_YAG New Footprint=RC0402N_YAG
Change Physical Footprint: Designator=R41 Old Footprint=RC0402N_YAG New Footprint=RC0402N_YAG
Change Physical Footprint: Designator=R42 Old Footprint=RC0402N_YAG New Footprint=RC0402N_YAG
Change Physical Footprint: Designator=R43 Old Footprint=RC0402N_YAG New Footprint=RC0402N_YAG
Change Physical Footprint: Designator=R44 Old Footprint=RC0402N_YAG New Footprint=RC0402N_YAG
Change Physical Footprint: Designator=R45 Old Footprint=RC0402N_YAG New Footprint=RC0402N_YAG
Change Physical Footprint: Designator=R46 Old Footprint=RC0402N_YAG New Footprint=RC0402N_YAG
Change Physical Footprint: Designator=R47 Old Footprint=RC0402N_YAG New Footprint=RC0402N_YAG
Change Physical Footprint: Designator=U1 Old Footprint=RDX0007A-MFG New Footprint=RDX0007A-MFG
Change Physical Footprint: Designator=U2 Old Footprint=B_S-2WR2_MNS New Footprint=B_S-2WR2_MNS
Change Physical Footprint: Designator=U3 Old Footprint=VSSOP_0DGNR_TEX New Footprint=VSSOP_0DGNR_TEX
Change Physical Footprint: Designator=U4 Old Footprint=SOT95P280X145-5N New Footprint=SOT95P280X145-5N
Change Physical Footprint: Designator=U5 Old Footprint=CC-14-4_ADI New Footprint=CC-14-4_ADI
Change Physical Footprint: Designator=U6 Old Footprint=CC-14-4_ADI New Footprint=CC-14-4_ADI
Change Physical Footprint: Designator=U7 Old Footprint=CC-14-4_ADI New Footprint=CC-14-4_ADI
Change Physical Footprint: Designator=U8 Old Footprint=CC-14-4_ADI New Footprint=CC-14-4_ADI
Change Physical Footprint: Designator=U9 Old Footprint=CC-14-4_ADI New Footprint=CC-14-4_ADI
Change Physical Footprint: Designator=U10 Old Footprint=CC-14-4_ADI New Footprint=CC-14-4_ADI
Change Physical Footprint: Designator=U11 Old Footprint=CC-14-4_ADI New Footprint=CC-14-4_ADI
Change Physical Footprint: Designator=U12 Old Footprint=CC-14-4_ADI New Footprint=CC-14-4_ADI
Change Physical Footprint: Designator=U13 Old Footprint=QFN50P300X300X80-17N-D New Footprint=QFN50P300X300X80-17N-D
Change Physical Footprint: Designator=U14 Old Footprint=DBQ0016A_N New Footprint=DBQ0016A_N
Change Physical Footprint: Designator=U15 Old Footprint=SOP50P490X110-24N New Footprint=SOP50P490X110-24N
Change Physical Footprint: Designator=U16 Old Footprint=D0008B-IPC_A New Footprint=D0008B-IPC_A
Change Physical Footprint: Designator=U17 Old Footprint=RPI_SHIELD_CONNECTOR New Footprint=RPI_SHIELD_CONNECTOR
