Change Component Footprint: Designator=U17 Old Footprint=rpi New Footprint=RPI_SHIELD_CONNECTOR
Change Component Comment : Designator=C5 Old Comment=GRM155R61A102KA01D New Comment=GRT155R61A106ME13D
Change Component Comment : Designator=C7 Old Comment=GRM155R61A102KA01D New Comment=GRT155R61A106ME13D
Change Component Comment : Designator=C9 Old Comment=GRM155R61A102KA01D New Comment=GRT155R61A106ME13D
Change Component Comment : Designator=C17 Old Comment=GRM155R61A102KA01D New Comment=GRT155R61A106ME13D
Change Component Comment : Designator=C19 Old Comment=GRM155R61A102KA01D New Comment=GRT155R61A106ME13D
Change Component Comment : Designator=C21 Old Comment=GRM155R61A102KA01D New Comment=GRT155R61A106ME13D
Change Component Comment : Designator=C23 Old Comment=GRM155R61A102KA01D New Comment=GRT155R61A106ME13D
Change Component Comment : Designator=C25 Old Comment=GRM155R61A102KA01D New Comment=GRT155R61A106ME13D
Change Component Comment : Designator=C27 Old Comment=GRM155R61A102KA01D New Comment=GRT155R61A106ME13D
Change Component Comment : Designator=C29 Old Comment=GRM155R61A102KA01D New Comment=GRT155R61A106ME13D
Change Component Comment : Designator=C33 Old Comment=GRM155R61A102KA01D New Comment=GRT155R61A106ME13D
Change Component Comment : Designator=C34 Old Comment=GRM155R61A102KA01D New Comment=GRT155R61A106ME13D
Change Component Comment : Designator=C37 Old Comment=GRM155R61A102KA01D New Comment=GRT155R61A106ME13D
Change Component Comment : Designator=C40 Old Comment=GRM155R61A102KA01D New Comment=GRT155R61A106ME13D
Change Component Designator: OldDesignator=L8 NewDesignator=L7
Change component parameters: Designator = "C5" ("C5"); Footprint = "CAPC1005X40N"; UniqueID = "\GNVGQBQY\XAQYNCCW\FOCMLJVA" ("\GNVGQBQY\XAQYNCCW\FOCMLJVA")
Change component parameters (AddParameter): Name = "Copyright"; Value = "Copyright (C) 2026 Ultra Librarian. All rights reserved."; VariantName = "[No Variations]"
Change component parameters (AddParameter): Name = "Datasheet Link"; Value = "https://search.murata.co.jp/Ceramy/image/img/A01X/G101/ENG/GRT155R61A106ME13-01A.pdf"; VariantName = "[No Variations]"
Change component parameters (AddParameter): Name = "Manufacturer_Name"; Value = "Murata"; VariantName = "[No Variations]"
Change component parameters (AddParameter): Name = "Manufacturer_Part_Number"; Value = "GRT155R61A106ME13D"; VariantName = "[No Variations]"
Change component parameters (AddParameter): Name = "RefDes"; Value = ""; VariantName = "[No Variations]"
Change component parameters (AddParameter): Name = "Supplier 1"; Value = "DigiKey"; VariantName = "[No Variations]"
Change component parameters (AddParameter): Name = "Supplier Part Number 1"; Value = "490-GRT155R61A106ME13DCT-ND"; VariantName = "[No Variations]"
Change component parameters (AddParameter): Name = "Type"; Value = ""; VariantName = "[No Variations]"
Change component parameters (AddParameter): Name = "Value"; Value = "10uF"; VariantName = "[No Variations]"
Change component parameters: Designator = "C7" ("C7"); Footprint = "CAPC1005X40N"; UniqueID = "\GNVGQBQY\XAQYNCCW\VTSKSPAC" ("\GNVGQBQY\XAQYNCCW\VTSKSPAC")
Change component parameters (AddParameter): Name = "Copyright"; Value = "Copyright (C) 2026 Ultra Librarian. All rights reserved."; VariantName = "[No Variations]"
Change component parameters (AddParameter): Name = "Datasheet Link"; Value = "https://search.murata.co.jp/Ceramy/image/img/A01X/G101/ENG/GRT155R61A106ME13-01A.pdf"; VariantName = "[No Variations]"
Change component parameters (AddParameter): Name = "Manufacturer_Name"; Value = "Murata"; VariantName = "[No Variations]"
Change component parameters (AddParameter): Name = "Manufacturer_Part_Number"; Value = "GRT155R61A106ME13D"; VariantName = "[No Variations]"
Change component parameters (AddParameter): Name = "RefDes"; Value = ""; VariantName = "[No Variations]"
Change component parameters (AddParameter): Name = "Supplier 1"; Value = "DigiKey"; VariantName = "[No Variations]"
Change component parameters (AddParameter): Name = "Supplier Part Number 1"; Value = "490-GRT155R61A106ME13DCT-ND"; VariantName = "[No Variations]"
Change component parameters (AddParameter): Name = "Type"; Value = ""; VariantName = "[No Variations]"
Change component parameters (AddParameter): Name = "Value"; Value = "10uF"; VariantName = "[No Variations]"
Change component parameters: Designator = "C9" ("C9"); Footprint = "CAPC1005X40N"; UniqueID = "\GNVGQBQY\XAQYNCCW\TVYNTYXY" ("\GNVGQBQY\XAQYNCCW\TVYNTYXY")
Change component parameters (AddParameter): Name = "Copyright"; Value = "Copyright (C) 2026 Ultra Librarian. All rights reserved."; VariantName = "[No Variations]"
Change component parameters (AddParameter): Name = "Datasheet Link"; Value = "https://search.murata.co.jp/Ceramy/image/img/A01X/G101/ENG/GRT155R61A106ME13-01A.pdf"; VariantName = "[No Variations]"
Change component parameters (AddParameter): Name = "Manufacturer_Name"; Value = "Murata"; VariantName = "[No Variations]"
Change component parameters (AddParameter): Name = "Manufacturer_Part_Number"; Value = "GRT155R61A106ME13D"; VariantName = "[No Variations]"
Change component parameters (AddParameter): Name = "RefDes"; Value = ""; VariantName = "[No Variations]"
Change component parameters (AddParameter): Name = "Supplier 1"; Value = "DigiKey"; VariantName = "[No Variations]"
Change component parameters (AddParameter): Name = "Supplier Part Number 1"; Value = "490-GRT155R61A106ME13DCT-ND"; VariantName = "[No Variations]"
Change component parameters (AddParameter): Name = "Type"; Value = ""; VariantName = "[No Variations]"
Change component parameters (AddParameter): Name = "Value"; Value = "10uF"; VariantName = "[No Variations]"
Change component parameters: Designator = "C17" ("C17"); Footprint = "CAPC1005X40N"; UniqueID = "\GNVGQBQY\DRVRSWBG\XHIWLYKP" ("\GNVGQBQY\DRVRSWBG\XHIWLYKP")
Change component parameters (AddParameter): Name = "Copyright"; Value = "Copyright (C) 2026 Ultra Librarian. All rights reserved."; VariantName = "[No Variations]"
Change component parameters (AddParameter): Name = "Datasheet Link"; Value = "https://search.murata.co.jp/Ceramy/image/img/A01X/G101/ENG/GRT155R61A106ME13-01A.pdf"; VariantName = "[No Variations]"
Change component parameters (AddParameter): Name = "Manufacturer_Name"; Value = "Murata"; VariantName = "[No Variations]"
Change component parameters (AddParameter): Name = "Manufacturer_Part_Number"; Value = "GRT155R61A106ME13D"; VariantName = "[No Variations]"
Change component parameters (AddParameter): Name = "RefDes"; Value = ""; VariantName = "[No Variations]"
Change component parameters (AddParameter): Name = "Supplier 1"; Value = "DigiKey"; VariantName = "[No Variations]"
Change component parameters (AddParameter): Name = "Supplier Part Number 1"; Value = "490-GRT155R61A106ME13DCT-ND"; VariantName = "[No Variations]"
Change component parameters (AddParameter): Name = "Type"; Value = ""; VariantName = "[No Variations]"
Change component parameters (AddParameter): Name = "Value"; Value = "10uF"; VariantName = "[No Variations]"
Change component parameters: Designator = "C19" ("C19"); Footprint = "CAPC1005X40N"; UniqueID = "\GNVGQBQY\DRVRSWBG\HBEOGDKX" ("\GNVGQBQY\DRVRSWBG\HBEOGDKX")
Change component parameters (AddParameter): Name = "Copyright"; Value = "Copyright (C) 2026 Ultra Librarian. All rights reserved."; VariantName = "[No Variations]"
Change component parameters (AddParameter): Name = "Datasheet Link"; Value = "https://search.murata.co.jp/Ceramy/image/img/A01X/G101/ENG/GRT155R61A106ME13-01A.pdf"; VariantName = "[No Variations]"
Change component parameters (AddParameter): Name = "Manufacturer_Name"; Value = "Murata"; VariantName = "[No Variations]"
Change component parameters (AddParameter): Name = "Manufacturer_Part_Number"; Value = "GRT155R61A106ME13D"; VariantName = "[No Variations]"
Change component parameters (AddParameter): Name = "RefDes"; Value = ""; VariantName = "[No Variations]"
Change component parameters (AddParameter): Name = "Supplier 1"; Value = "DigiKey"; VariantName = "[No Variations]"
Change component parameters (AddParameter): Name = "Supplier Part Number 1"; Value = "490-GRT155R61A106ME13DCT-ND"; VariantName = "[No Variations]"
Change component parameters (AddParameter): Name = "Type"; Value = ""; VariantName = "[No Variations]"
Change component parameters (AddParameter): Name = "Value"; Value = "10uF"; VariantName = "[No Variations]"
Change component parameters: Designator = "C21" ("C21"); Footprint = "CAPC1005X40N"; UniqueID = "\GNVGQBQY\DRVRSWBG\OIKVYGHC" ("\GNVGQBQY\DRVRSWBG\OIKVYGHC")
Change component parameters (AddParameter): Name = "Copyright"; Value = "Copyright (C) 2026 Ultra Librarian. All rights reserved."; VariantName = "[No Variations]"
Change component parameters (AddParameter): Name = "Datasheet Link"; Value = "https://search.murata.co.jp/Ceramy/image/img/A01X/G101/ENG/GRT155R61A106ME13-01A.pdf"; VariantName = "[No Variations]"
Change component parameters (AddParameter): Name = "Manufacturer_Name"; Value = "Murata"; VariantName = "[No Variations]"
Change component parameters (AddParameter): Name = "Manufacturer_Part_Number"; Value = "GRT155R61A106ME13D"; VariantName = "[No Variations]"
Change component parameters (AddParameter): Name = "RefDes"; Value = ""; VariantName = "[No Variations]"
Change component parameters (AddParameter): Name = "Supplier 1"; Value = "DigiKey"; VariantName = "[No Variations]"
Change component parameters (AddParameter): Name = "Supplier Part Number 1"; Value = "490-GRT155R61A106ME13DCT-ND"; VariantName = "[No Variations]"
Change component parameters (AddParameter): Name = "Type"; Value = ""; VariantName = "[No Variations]"
Change component parameters (AddParameter): Name = "Value"; Value = "10uF"; VariantName = "[No Variations]"
Change component parameters: Designator = "C23" ("C23"); Footprint = "CAPC1005X40N"; UniqueID = "\GNVGQBQY\DRVRSWBG\MPWHTWDM" ("\GNVGQBQY\DRVRSWBG\MPWHTWDM")
Change component parameters (AddParameter): Name = "Copyright"; Value = "Copyright (C) 2026 Ultra Librarian. All rights reserved."; VariantName = "[No Variations]"
Change component parameters (AddParameter): Name = "Datasheet Link"; Value = "https://search.murata.co.jp/Ceramy/image/img/A01X/G101/ENG/GRT155R61A106ME13-01A.pdf"; VariantName = "[No Variations]"
Change component parameters (AddParameter): Name = "Manufacturer_Name"; Value = "Murata"; VariantName = "[No Variations]"
Change component parameters (AddParameter): Name = "Manufacturer_Part_Number"; Value = "GRT155R61A106ME13D"; VariantName = "[No Variations]"
Change component parameters (AddParameter): Name = "RefDes"; Value = ""; VariantName = "[No Variations]"
Change component parameters (AddParameter): Name = "Supplier 1"; Value = "DigiKey"; VariantName = "[No Variations]"
Change component parameters (AddParameter): Name = "Supplier Part Number 1"; Value = "490-GRT155R61A106ME13DCT-ND"; VariantName = "[No Variations]"
Change component parameters (AddParameter): Name = "Type"; Value = ""; VariantName = "[No Variations]"
Change component parameters (AddParameter): Name = "Value"; Value = "10uF"; VariantName = "[No Variations]"
Change component parameters: Designator = "C25" ("C25"); Footprint = "CAPC1005X40N"; UniqueID = "\GNVGQBQY\TLSFPOXS\MOYNJAOE" ("\GNVGQBQY\TLSFPOXS\MOYNJAOE")
Change component parameters (AddParameter): Name = "Copyright"; Value = "Copyright (C) 2026 Ultra Librarian. All rights reserved."; VariantName = "[No Variations]"
Change component parameters (AddParameter): Name = "Datasheet Link"; Value = "https://search.murata.co.jp/Ceramy/image/img/A01X/G101/ENG/GRT155R61A106ME13-01A.pdf"; VariantName = "[No Variations]"
Change component parameters (AddParameter): Name = "Manufacturer_Name"; Value = "Murata"; VariantName = "[No Variations]"
Change component parameters (AddParameter): Name = "Manufacturer_Part_Number"; Value = "GRT155R61A106ME13D"; VariantName = "[No Variations]"
Change component parameters (AddParameter): Name = "RefDes"; Value = ""; VariantName = "[No Variations]"
Change component parameters (AddParameter): Name = "Supplier 1"; Value = "DigiKey"; VariantName = "[No Variations]"
Change component parameters (AddParameter): Name = "Supplier Part Number 1"; Value = "490-GRT155R61A106ME13DCT-ND"; VariantName = "[No Variations]"
Change component parameters (AddParameter): Name = "Type"; Value = ""; VariantName = "[No Variations]"
Change component parameters (AddParameter): Name = "Value"; Value = "10uF"; VariantName = "[No Variations]"
Change component parameters: Designator = "C27" ("C27"); Footprint = "CAPC1005X40N"; UniqueID = "\GNVGQBQY\TLSFPOXS\OUKZUCID" ("\GNVGQBQY\TLSFPOXS\OUKZUCID")
Change component parameters (AddParameter): Name = "Copyright"; Value = "Copyright (C) 2026 Ultra Librarian. All rights reserved."; VariantName = "[No Variations]"
Change component parameters (AddParameter): Name = "Datasheet Link"; Value = "https://search.murata.co.jp/Ceramy/image/img/A01X/G101/ENG/GRT155R61A106ME13-01A.pdf"; VariantName = "[No Variations]"
Change component parameters (AddParameter): Name = "Manufacturer_Name"; Value = "Murata"; VariantName = "[No Variations]"
Change component parameters (AddParameter): Name = "Manufacturer_Part_Number"; Value = "GRT155R61A106ME13D"; VariantName = "[No Variations]"
Change component parameters (AddParameter): Name = "RefDes"; Value = ""; VariantName = "[No Variations]"
Change component parameters (AddParameter): Name = "Supplier 1"; Value = "DigiKey"; VariantName = "[No Variations]"
Change component parameters (AddParameter): Name = "Supplier Part Number 1"; Value = "490-GRT155R61A106ME13DCT-ND"; VariantName = "[No Variations]"
Change component parameters (AddParameter): Name = "Type"; Value = ""; VariantName = "[No Variations]"
Change component parameters (AddParameter): Name = "Value"; Value = "10uF"; VariantName = "[No Variations]"
Change component parameters: Designator = "C29" ("C29"); Footprint = "CAPC1005X40N"; UniqueID = "\GNVGQBQY\TLSFPOXS\ZSQHYHGM" ("\GNVGQBQY\TLSFPOXS\ZSQHYHGM")
Change component parameters (AddParameter): Name = "Copyright"; Value = "Copyright (C) 2026 Ultra Librarian. All rights reserved."; VariantName = "[No Variations]"
Change component parameters (AddParameter): Name = "Datasheet Link"; Value = "https://search.murata.co.jp/Ceramy/image/img/A01X/G101/ENG/GRT155R61A106ME13-01A.pdf"; VariantName = "[No Variations]"
Change component parameters (AddParameter): Name = "Manufacturer_Name"; Value = "Murata"; VariantName = "[No Variations]"
Change component parameters (AddParameter): Name = "Manufacturer_Part_Number"; Value = "GRT155R61A106ME13D"; VariantName = "[No Variations]"
Change component parameters (AddParameter): Name = "RefDes"; Value = ""; VariantName = "[No Variations]"
Change component parameters (AddParameter): Name = "Supplier 1"; Value = "DigiKey"; VariantName = "[No Variations]"
Change component parameters (AddParameter): Name = "Supplier Part Number 1"; Value = "490-GRT155R61A106ME13DCT-ND"; VariantName = "[No Variations]"
Change component parameters (AddParameter): Name = "Type"; Value = ""; VariantName = "[No Variations]"
Change component parameters (AddParameter): Name = "Value"; Value = "10uF"; VariantName = "[No Variations]"
Change component parameters: Designator = "C33" ("C33"); Footprint = "CAPC1005X40N"; UniqueID = "\GNVGQBQY\MXJXKMLA\YGWQZCPS" ("\GNVGQBQY\MXJXKMLA\YGWQZCPS")
Change component parameters (AddParameter): Name = "Copyright"; Value = "Copyright (C) 2026 Ultra Librarian. All rights reserved."; VariantName = "[No Variations]"
Change component parameters (AddParameter): Name = "Datasheet Link"; Value = "https://search.murata.co.jp/Ceramy/image/img/A01X/G101/ENG/GRT155R61A106ME13-01A.pdf"; VariantName = "[No Variations]"
Change component parameters (AddParameter): Name = "Manufacturer_Name"; Value = "Murata"; VariantName = "[No Variations]"
Change component parameters (AddParameter): Name = "Manufacturer_Part_Number"; Value = "GRT155R61A106ME13D"; VariantName = "[No Variations]"
Change component parameters (AddParameter): Name = "RefDes"; Value = ""; VariantName = "[No Variations]"
Change component parameters (AddParameter): Name = "Supplier 1"; Value = "DigiKey"; VariantName = "[No Variations]"
Change component parameters (AddParameter): Name = "Supplier Part Number 1"; Value = "490-GRT155R61A106ME13DCT-ND"; VariantName = "[No Variations]"
Change component parameters (AddParameter): Name = "Type"; Value = ""; VariantName = "[No Variations]"
Change component parameters (AddParameter): Name = "Value"; Value = "10uF"; VariantName = "[No Variations]"
Change component parameters: Designator = "C34" ("C34"); Footprint = "CAPC1005X40N"; UniqueID = "\GNVGQBQY\MXJXKMLA\LZJPZTQO" ("\GNVGQBQY\MXJXKMLA\LZJPZTQO")
Change component parameters (AddParameter): Name = "Copyright"; Value = "Copyright (C) 2026 Ultra Librarian. All rights reserved."; VariantName = "[No Variations]"
Change component parameters (AddParameter): Name = "Datasheet Link"; Value = "https://search.murata.co.jp/Ceramy/image/img/A01X/G101/ENG/GRT155R61A106ME13-01A.pdf"; VariantName = "[No Variations]"
Change component parameters (AddParameter): Name = "Manufacturer_Name"; Value = "Murata"; VariantName = "[No Variations]"
Change component parameters (AddParameter): Name = "Manufacturer_Part_Number"; Value = "GRT155R61A106ME13D"; VariantName = "[No Variations]"
Change component parameters (AddParameter): Name = "RefDes"; Value = ""; VariantName = "[No Variations]"
Change component parameters (AddParameter): Name = "Supplier 1"; Value = "DigiKey"; VariantName = "[No Variations]"
Change component parameters (AddParameter): Name = "Supplier Part Number 1"; Value = "490-GRT155R61A106ME13DCT-ND"; VariantName = "[No Variations]"
Change component parameters (AddParameter): Name = "Type"; Value = ""; VariantName = "[No Variations]"
Change component parameters (AddParameter): Name = "Value"; Value = "10uF"; VariantName = "[No Variations]"
Change component parameters: Designator = "C37" ("C37"); Footprint = "CAPC1005X40N"; UniqueID = "\GNVGQBQY\MXJXKMLA\OKZFODOP" ("\GNVGQBQY\MXJXKMLA\OKZFODOP")
Change component parameters (AddParameter): Name = "Copyright"; Value = "Copyright (C) 2026 Ultra Librarian. All rights reserved."; VariantName = "[No Variations]"
Change component parameters (AddParameter): Name = "Datasheet Link"; Value = "https://search.murata.co.jp/Ceramy/image/img/A01X/G101/ENG/GRT155R61A106ME13-01A.pdf"; VariantName = "[No Variations]"
Change component parameters (AddParameter): Name = "Manufacturer_Name"; Value = "Murata"; VariantName = "[No Variations]"
Change component parameters (AddParameter): Name = "Manufacturer_Part_Number"; Value = "GRT155R61A106ME13D"; VariantName = "[No Variations]"
Change component parameters (AddParameter): Name = "RefDes"; Value = ""; VariantName = "[No Variations]"
Change component parameters (AddParameter): Name = "Supplier 1"; Value = "DigiKey"; VariantName = "[No Variations]"
Change component parameters (AddParameter): Name = "Supplier Part Number 1"; Value = "490-GRT155R61A106ME13DCT-ND"; VariantName = "[No Variations]"
Change component parameters (AddParameter): Name = "Type"; Value = ""; VariantName = "[No Variations]"
Change component parameters (AddParameter): Name = "Value"; Value = "10uF"; VariantName = "[No Variations]"
Change component parameters: Designator = "C40" ("C40"); Footprint = "CAPC1005X40N"; UniqueID = "\GNVGQBQY\MXJXKMLA\MMKRIKGC" ("\GNVGQBQY\MXJXKMLA\MMKRIKGC")
Change component parameters (AddParameter): Name = "Copyright"; Value = "Copyright (C) 2026 Ultra Librarian. All rights reserved."; VariantName = "[No Variations]"
Change component parameters (AddParameter): Name = "Datasheet Link"; Value = "https://search.murata.co.jp/Ceramy/image/img/A01X/G101/ENG/GRT155R61A106ME13-01A.pdf"; VariantName = "[No Variations]"
Change component parameters (AddParameter): Name = "Manufacturer_Name"; Value = "Murata"; VariantName = "[No Variations]"
Change component parameters (AddParameter): Name = "Manufacturer_Part_Number"; Value = "GRT155R61A106ME13D"; VariantName = "[No Variations]"
Change component parameters (AddParameter): Name = "RefDes"; Value = ""; VariantName = "[No Variations]"
Change component parameters (AddParameter): Name = "Supplier 1"; Value = "DigiKey"; VariantName = "[No Variations]"
Change component parameters (AddParameter): Name = "Supplier Part Number 1"; Value = "490-GRT155R61A106ME13DCT-ND"; VariantName = "[No Variations]"
Change component parameters (AddParameter): Name = "Type"; Value = ""; VariantName = "[No Variations]"
Change component parameters (AddParameter): Name = "Value"; Value = "10uF"; VariantName = "[No Variations]"
Added Component: Designator=C31(CAPC1005X40N)
Add component (AddParameter): Name = "Copyright"; Value = "Copyright (C) 2026 Ultra Librarian. All rights reserved."; VariantName = "[No Variations]"
Add component (AddParameter): Name = "Datasheet Link"; Value = "https://search.murata.co.jp/Ceramy/image/img/A01X/G101/ENG/GRT155R61A106ME13-01A.pdf"; VariantName = "[No Variations]"
Add component (AddParameter): Name = "Manufacturer_Name"; Value = "Murata"; VariantName = "[No Variations]"
Add component (AddParameter): Name = "Manufacturer_Part_Number"; Value = "GRT155R61A106ME13D"; VariantName = "[No Variations]"
Add component (AddParameter): Name = "RefDes"; Value = ""; VariantName = "[No Variations]"
Add component (AddParameter): Name = "Supplier 1"; Value = "DigiKey"; VariantName = "[No Variations]"
Add component (AddParameter): Name = "Supplier Part Number 1"; Value = "490-GRT155R61A106ME13DCT-ND"; VariantName = "[No Variations]"
Add component (AddParameter): Name = "Type"; Value = ""; VariantName = "[No Variations]"
Add component (AddParameter): Name = "Value"; Value = "10uF"; VariantName = "[No Variations]"
Added Component: Designator=L8(INDC1608X06N)
Add component (AddParameter): Name = "Copyright"; Value = "Copyright (C) 2026 Ultra Librarian. All rights reserved."; VariantName = "[No Variations]"
Add component (AddParameter): Name = "Datasheet Link"; Value = "https://product.tdk.com/en/system/files/dam/doc/product/emc/emc/beads/catalog/beads_commercial_power_mpz1608_en.pdf"; VariantName = "[No Variations]"
Add component (AddParameter): Name = "Manufacturer_Name"; Value = "TDK"; VariantName = "[No Variations]"
Add component (AddParameter): Name = "Manufacturer_Part_Number"; Value = "MPZ1608S601ATA00"; VariantName = "[No Variations]"
Add component (AddParameter): Name = "RefDes"; Value = ""; VariantName = "[No Variations]"
Add component (AddParameter): Name = "Supplier 1"; Value = "DigiKey"; VariantName = "[No Variations]"
Add component (AddParameter): Name = "Supplier 2"; Value = "Mouser"; VariantName = "[No Variations]"
Add component (AddParameter): Name = "Supplier Part Number 1"; Value = "445-MPZ1608S601ATA00CT-ND"; VariantName = "[No Variations]"
Add component (AddParameter): Name = "Supplier Part Number 2"; Value = "810-MPZ1608S601ATA00"; VariantName = "[No Variations]"
Add component (AddParameter): Name = "Type"; Value = ""; VariantName = "[No Variations]"
Add component (AddParameter): Name = "Value"; Value = "MPZ1608S601ATA00"; VariantName = "[No Variations]"
Added Pin To Net: NetName=GND2 Pin=C16-1
Added Pin To Net: NetName=+5V_ISO_AN2 Pin=C16-2
Added Pin To Net: NetName=GND2 Pin=C17-1
Added Pin To Net: NetName=+5V_ISO_AN2 Pin=C17-2
Added Pin To Net: NetName=GND2 Pin=C18-1
Added Pin To Net: NetName=+5V_ISO_AN1 Pin=C18-2
Added Pin To Net: NetName=GND2 Pin=C19-1
Added Pin To Net: NetName=+5V_ISO_AN1 Pin=C19-2
Added Pin To Net: NetName=GND2 Pin=C20-1
Added Pin To Net: NetName=+5V_ISO_AN4 Pin=C20-2
Added Pin To Net: NetName=GND2 Pin=C21-1
Added Pin To Net: NetName=+5V_ISO_AN4 Pin=C21-2
Added Pin To Net: NetName=GND2 Pin=C22-1
Added Pin To Net: NetName=+5V_ISO_AN3 Pin=C22-2
Added Pin To Net: NetName=GND2 Pin=C23-1
Added Pin To Net: NetName=+5V_ISO_AN3 Pin=C23-2
Added Pin To Net: NetName=GND2 Pin=C24-1
Added Pin To Net: NetName=+5V_ISO_AN5 Pin=C24-2
Added Pin To Net: NetName=GND2 Pin=C25-1
Added Pin To Net: NetName=+5V_ISO_AN5 Pin=C25-2
Added Pin To Net: NetName=GND2 Pin=C26-1
Added Pin To Net: NetName=+5V_ISO_AN6 Pin=C26-2
Added Pin To Net: NetName=GND2 Pin=C27-1
Added Pin To Net: NetName=+5V_ISO_AN6 Pin=C27-2
Added Pin To Net: NetName=GND2 Pin=C30-1
Added Pin To Net: NetName=+5V_ISO_AN7 Pin=C30-2
Added Pin To Net: NetName=GND2 Pin=C31-1
Added Pin To Net: NetName=+5V_ISO_AN7 Pin=C31-2
Added Pin To Net: NetName=GND2 Pin=D1-1
Added Pin To Net: NetName=NetD1_2 Pin=D1-2
Added Pin To Net: NetName=NetD1_3 Pin=D1-3
Added Pin To Net: NetName=GND2 Pin=D2-1
Added Pin To Net: NetName=NetD2_2 Pin=D2-2
Added Pin To Net: NetName=NetD2_3 Pin=D2-3
Added Pin To Net: NetName=GND2 Pin=D3-1
Added Pin To Net: NetName=NetD3_2 Pin=D3-2
Added Pin To Net: NetName=NetD3_3 Pin=D3-3
Added Pin To Net: NetName=GND2 Pin=D4-1
Added Pin To Net: NetName=NetD4_2 Pin=D4-2
Added Pin To Net: NetName=NetD4_3 Pin=D4-3
Added Pin To Net: NetName=GND2 Pin=D5-1
Added Pin To Net: NetName=NetD5_2 Pin=D5-2
Added Pin To Net: NetName=NetD5_3 Pin=D5-3
Added Pin To Net: NetName=GND2 Pin=D6-1
Added Pin To Net: NetName=NetD6_2 Pin=D6-2
Added Pin To Net: NetName=NetD6_3 Pin=D6-3
Added Pin To Net: NetName=GND2 Pin=D7-1
Added Pin To Net: NetName=NetD7_2 Pin=D7-2
Added Pin To Net: NetName=NetD7_3 Pin=D7-3
Added Pin To Net: NetName=+5V_ISO Pin=L1-1
Added Pin To Net: NetName=+5V_ISO_AN1 Pin=L1-2
Added Pin To Net: NetName=+5V_ISO Pin=L2-1
Added Pin To Net: NetName=+5V_ISO_AN2 Pin=L2-2
Added Pin To Net: NetName=+5V_ISO Pin=L3-1
Added Pin To Net: NetName=+5V_ISO_AN3 Pin=L3-2
Added Pin To Net: NetName=+5V_ISO Pin=L4-1
Added Pin To Net: NetName=+5V_ISO_AN4 Pin=L4-2
Added Pin To Net: NetName=+5V_ISO Pin=L5-1
Added Pin To Net: NetName=+5V_ISO_AN5 Pin=L5-2
Added Pin To Net: NetName=+5V_ISO Pin=L6-1
Added Pin To Net: NetName=+5V_ISO_AN6 Pin=L6-2
Added Pin To Net: NetName=+5V_ISO Pin=L8-1
Added Pin To Net: NetName=+5V_ISO_AN7 Pin=L8-2
Added Pin To Net: NetName=+3V3_ISO Pin=R7-1
Added Pin To Net: NetName=NetR7_2 Pin=R7-2
Added Pin To Net: NetName=+3V3_ISO Pin=R8-1
Added Pin To Net: NetName=NetR8_2 Pin=R8-2
Added Pin To Net: NetName=+3V3_ISO Pin=R9-1
Added Pin To Net: NetName=NetR9_2 Pin=R9-2
Added Pin To Net: NetName=+3V3_ISO Pin=R10-1
Added Pin To Net: NetName=NetR10_2 Pin=R10-2
Added Pin To Net: NetName=NetR11_1 Pin=R11-1
Added Pin To Net: NetName=NetR11_2 Pin=R11-2
Added Pin To Net: NetName=NetR12_1 Pin=R12-1
Added Pin To Net: NetName=NetR12_2 Pin=R12-2
Added Pin To Net: NetName=NetR11_2 Pin=R13-1
Added Pin To Net: NetName=GND2 Pin=R13-2
Added Pin To Net: NetName=NetR12_2 Pin=R14-1
Added Pin To Net: NetName=GND2 Pin=R14-2
Added Pin To Net: NetName=+3V3_ISO Pin=R15-1
Added Pin To Net: NetName=NetR15_2 Pin=R15-2
Added Pin To Net: NetName=+3V3_ISO Pin=R16-1
Added Pin To Net: NetName=NetR16_2 Pin=R16-2
Added Pin To Net: NetName=+3V3_ISO Pin=R17-1
Added Pin To Net: NetName=NetR17_2 Pin=R17-2
Added Pin To Net: NetName=+3V3_ISO Pin=R18-1
Added Pin To Net: NetName=NetR18_2 Pin=R18-2
Added Pin To Net: NetName=NetR19_1 Pin=R19-1
Added Pin To Net: NetName=NetR19_2 Pin=R19-2
Added Pin To Net: NetName=NetR20_1 Pin=R20-1
Added Pin To Net: NetName=NetR20_2 Pin=R20-2
Added Pin To Net: NetName=NetR19_2 Pin=R21-1
Added Pin To Net: NetName=GND2 Pin=R21-2
Added Pin To Net: NetName=NetR20_2 Pin=R22-1
Added Pin To Net: NetName=GND2 Pin=R22-2
Added Pin To Net: NetName=+3V3_ISO Pin=R23-1
Added Pin To Net: NetName=NetR23_2 Pin=R23-2
Added Pin To Net: NetName=+3V3_ISO Pin=R24-1
Added Pin To Net: NetName=NetR24_2 Pin=R24-2
Added Pin To Net: NetName=+3V3_ISO Pin=R25-1
Added Pin To Net: NetName=NetR25_2 Pin=R25-2
Added Pin To Net: NetName=+3V3_ISO Pin=R26-1
Added Pin To Net: NetName=NetR26_2 Pin=R26-2
Added Pin To Net: NetName=NetR27_1 Pin=R27-1
Added Pin To Net: NetName=NetR27_2 Pin=R27-2
Added Pin To Net: NetName=NetR28_1 Pin=R28-1
Added Pin To Net: NetName=NetR28_2 Pin=R28-2
Added Pin To Net: NetName=NetR27_2 Pin=R29-1
Added Pin To Net: NetName=GND2 Pin=R29-2
Added Pin To Net: NetName=NetR28_2 Pin=R30-1
Added Pin To Net: NetName=GND2 Pin=R30-2
Added Pin To Net: NetName=+3V3_ISO Pin=R33-1
Added Pin To Net: NetName=NetR33_2 Pin=R33-2
Added Pin To Net: NetName=+3V3_ISO Pin=R34-1
Added Pin To Net: NetName=NetR34_2 Pin=R34-2
Added Pin To Net: NetName=NetR36_1 Pin=R36-1
Added Pin To Net: NetName=NetR36_2 Pin=R36-2
Added Pin To Net: NetName=NetR36_2 Pin=R38-1
Added Pin To Net: NetName=GND2 Pin=R38-2
Added Pin To Net: NetName=NetU5_1 Pin=U5-1
Added Pin To Net: NetName=NetD2_3 Pin=U5-2
Added Pin To Net: NetName=NetU5_1 Pin=U5-4
Added Pin To Net: NetName=NetR8_2 Pin=U5-5
Added Pin To Net: NetName=NetR7_2 Pin=U5-6
Added Pin To Net: NetName=GND2 Pin=U5-9
Added Pin To Net: NetName=NetR11_1 Pin=U5-10
Added Pin To Net: NetName=NetR11_2 Pin=U5-11
Added Pin To Net: NetName=+5V_ISO_AN2 Pin=U5-13
Added Pin To Net: NetName=NetD2_2 Pin=U5-14
Added Pin To Net: NetName=NetU5_1 Pin=U5-15
Added Pin To Net: NetName=GND2 Pin=U5-16
Added Pin To Net: NetName=NetU6_1 Pin=U6-1
Added Pin To Net: NetName=NetD1_3 Pin=U6-2
Added Pin To Net: NetName=NetU6_1 Pin=U6-4
Added Pin To Net: NetName=NetR10_2 Pin=U6-5
Added Pin To Net: NetName=NetR9_2 Pin=U6-6
Added Pin To Net: NetName=GND2 Pin=U6-9
Added Pin To Net: NetName=NetR12_1 Pin=U6-10
Added Pin To Net: NetName=NetR12_2 Pin=U6-11
Added Pin To Net: NetName=+5V_ISO_AN1 Pin=U6-13
Added Pin To Net: NetName=NetD1_2 Pin=U6-14
Added Pin To Net: NetName=NetU6_1 Pin=U6-15
Added Pin To Net: NetName=GND2 Pin=U6-16
Added Pin To Net: NetName=NetU7_1 Pin=U7-1
Added Pin To Net: NetName=NetD4_3 Pin=U7-2
Added Pin To Net: NetName=NetU7_1 Pin=U7-4
Added Pin To Net: NetName=NetR16_2 Pin=U7-5
Added Pin To Net: NetName=NetR15_2 Pin=U7-6
Added Pin To Net: NetName=GND2 Pin=U7-9
Added Pin To Net: NetName=NetR19_1 Pin=U7-10
Added Pin To Net: NetName=NetR19_2 Pin=U7-11
Added Pin To Net: NetName=+5V_ISO_AN4 Pin=U7-13
Added Pin To Net: NetName=NetD4_2 Pin=U7-14
Added Pin To Net: NetName=NetU7_1 Pin=U7-15
Added Pin To Net: NetName=GND2 Pin=U7-16
Added Pin To Net: NetName=NetU8_1 Pin=U8-1
Added Pin To Net: NetName=NetD3_3 Pin=U8-2
Added Pin To Net: NetName=NetU8_1 Pin=U8-4
Added Pin To Net: NetName=NetR18_2 Pin=U8-5
Added Pin To Net: NetName=NetR17_2 Pin=U8-6
Added Pin To Net: NetName=GND2 Pin=U8-9
Added Pin To Net: NetName=NetR20_1 Pin=U8-10
Added Pin To Net: NetName=NetR20_2 Pin=U8-11
Added Pin To Net: NetName=+5V_ISO_AN3 Pin=U8-13
Added Pin To Net: NetName=NetD3_2 Pin=U8-14
Added Pin To Net: NetName=NetU8_1 Pin=U8-15
Added Pin To Net: NetName=GND2 Pin=U8-16
Added Pin To Net: NetName=NetU9_1 Pin=U9-1
Added Pin To Net: NetName=NetD5_3 Pin=U9-2
Added Pin To Net: NetName=NetU9_1 Pin=U9-4
Added Pin To Net: NetName=NetR24_2 Pin=U9-5
Added Pin To Net: NetName=NetR23_2 Pin=U9-6
Added Pin To Net: NetName=GND2 Pin=U9-9
Added Pin To Net: NetName=NetR27_1 Pin=U9-10
Added Pin To Net: NetName=NetR27_2 Pin=U9-11
Added Pin To Net: NetName=+5V_ISO_AN5 Pin=U9-13
Added Pin To Net: NetName=NetD5_2 Pin=U9-14
Added Pin To Net: NetName=NetU9_1 Pin=U9-15
Added Pin To Net: NetName=GND2 Pin=U9-16
Added Pin To Net: NetName=NetU10_1 Pin=U10-1
Added Pin To Net: NetName=NetD6_3 Pin=U10-2
Added Pin To Net: NetName=NetU10_1 Pin=U10-4
Added Pin To Net: NetName=NetR26_2 Pin=U10-5
Added Pin To Net: NetName=NetR25_2 Pin=U10-6
Added Pin To Net: NetName=GND2 Pin=U10-9
Added Pin To Net: NetName=NetR28_1 Pin=U10-10
Added Pin To Net: NetName=NetR28_2 Pin=U10-11
Added Pin To Net: NetName=+5V_ISO_AN6 Pin=U10-13
Added Pin To Net: NetName=NetD6_2 Pin=U10-14
Added Pin To Net: NetName=NetU10_1 Pin=U10-15
Added Pin To Net: NetName=GND2 Pin=U10-16
Added Pin To Net: NetName=NetU12_1 Pin=U12-1
Added Pin To Net: NetName=NetD7_3 Pin=U12-2
Added Pin To Net: NetName=NetU12_1 Pin=U12-4
Added Pin To Net: NetName=NetR34_2 Pin=U12-5
Added Pin To Net: NetName=NetR33_2 Pin=U12-6
Added Pin To Net: NetName=GND2 Pin=U12-9
Added Pin To Net: NetName=NetR36_1 Pin=U12-10
Added Pin To Net: NetName=NetR36_2 Pin=U12-11
Added Pin To Net: NetName=+5V_ISO_AN7 Pin=U12-13
Added Pin To Net: NetName=NetD7_2 Pin=U12-14
Added Pin To Net: NetName=NetU12_1 Pin=U12-15
Added Pin To Net: NetName=GND2 Pin=U12-16
Added Pin To Net: NetName=+3V3RB Pin=U17-1
Added Pin To Net: NetName=PCA_SDA Pin=U17-3
Added Pin To Net: NetName=PCA_SCL Pin=U17-5
Added Pin To Net: NetName=GNDRB Pin=U17-6
Added Pin To Net: NetName=GNDRB Pin=U17-9
Added Pin To Net: NetName=GNDRB Pin=U17-14
Added Pin To Net: NetName=+3V3RB Pin=U17-17
Added Pin To Net: NetName=NetR46_1 Pin=U17-19
Added Pin To Net: NetName=GNDRB Pin=U17-20
Added Pin To Net: NetName=ADC_SDO Pin=U17-21
Added Pin To Net: NetName=NetR47_1 Pin=U17-23
Added Pin To Net: NetName=ADC_CS Pin=U17-24
Added Pin To Net: NetName=GNDRB Pin=U17-25
Added Pin To Net: NetName=GNDRB Pin=U17-30
Added Pin To Net: NetName=GNDRB Pin=U17-34
Added Pin To Net: NetName=GNDRB Pin=U17-39
Added Member To Class: ClassName=[5] AnalogChannels_1_2_3_4 Member=Component C16 GCM155R71H104KE02D
Added Member To Class: ClassName=[5] AnalogChannels_1_2_3_4 Member=Component C17 GRT155R61A106ME13D
Added Member To Class: ClassName=[5] AnalogChannels_1_2_3_4 Member=Component C18 GCM155R71H104KE02D
Added Member To Class: ClassName=[5] AnalogChannels_1_2_3_4 Member=Component C19 GRT155R61A106ME13D
Added Member To Class: ClassName=[5] AnalogChannels_1_2_3_4 Member=Component C20 GCM155R71H104KE02D
Added Member To Class: ClassName=[5] AnalogChannels_1_2_3_4 Member=Component C21 GRT155R61A106ME13D
Added Member To Class: ClassName=[5] AnalogChannels_1_2_3_4 Member=Component C22 GCM155R71H104KE02D
Added Member To Class: ClassName=[5] AnalogChannels_1_2_3_4 Member=Component C23 GRT155R61A106ME13D
Added Member To Class: ClassName=[6] AnalogChannels_5_6_7_8 Member=Component C24 GCM155R71H104KE02D
Added Member To Class: ClassName=[6] AnalogChannels_5_6_7_8 Member=Component C25 GRT155R61A106ME13D
Added Member To Class: ClassName=[6] AnalogChannels_5_6_7_8 Member=Component C26 GCM155R71H104KE02D
Added Member To Class: ClassName=[6] AnalogChannels_5_6_7_8 Member=Component C27 GRT155R61A106ME13D
Added Member To Class: ClassName=[6] AnalogChannels_5_6_7_8 Member=Component C30 GCM155R71H104KE02D
Added Member To Class: ClassName=[6] AnalogChannels_5_6_7_8 Member=Component C31 GRT155R61A106ME13D
Added Member To Class: ClassName=[5] AnalogChannels_1_2_3_4 Member=Component D1 MTPD1346D-150
Added Member To Class: ClassName=[5] AnalogChannels_1_2_3_4 Member=Component D2 MTPD1346D-150
Added Member To Class: ClassName=[5] AnalogChannels_1_2_3_4 Member=Component D3 MTPD1346D-150
Added Member To Class: ClassName=[5] AnalogChannels_1_2_3_4 Member=Component D4 MTPD1346D-150
Added Member To Class: ClassName=[6] AnalogChannels_5_6_7_8 Member=Component D5 MTPD1346D-150
Added Member To Class: ClassName=[6] AnalogChannels_5_6_7_8 Member=Component D6 MTPD1346D-150
Added Member To Class: ClassName=[6] AnalogChannels_5_6_7_8 Member=Component D7 MTPD1346D-150
Added Member To Class: ClassName=[5] AnalogChannels_1_2_3_4 Member=Component L1 MPZ1608S601ATA00
Added Member To Class: ClassName=[5] AnalogChannels_1_2_3_4 Member=Component L2 MPZ1608S601ATA00
Added Member To Class: ClassName=[5] AnalogChannels_1_2_3_4 Member=Component L3 MPZ1608S601ATA00
Added Member To Class: ClassName=[5] AnalogChannels_1_2_3_4 Member=Component L4 MPZ1608S601ATA00
Added Member To Class: ClassName=[6] AnalogChannels_5_6_7_8 Member=Component L5 MPZ1608S601ATA00
Added Member To Class: ClassName=[6] AnalogChannels_5_6_7_8 Member=Component L6 MPZ1608S601ATA00
Added Member To Class: ClassName=[6] AnalogChannels_5_6_7_8 Member=Component L8 MPZ1608S601ATA00
Added Member To Class: ClassName=[5] AnalogChannels_1_2_3_4 Member=Component R7 RC0402FR-074K7L
Added Member To Class: ClassName=[5] AnalogChannels_1_2_3_4 Member=Component R8 RC0402FR-074K7L
Added Member To Class: ClassName=[5] AnalogChannels_1_2_3_4 Member=Component R9 RC0402FR-074K7L
Added Member To Class: ClassName=[5] AnalogChannels_1_2_3_4 Member=Component R10 RC0402FR-074K7L
Added Member To Class: ClassName=[5] AnalogChannels_1_2_3_4 Member=Component R11 RC0402FR-075K1L
Added Member To Class: ClassName=[5] AnalogChannels_1_2_3_4 Member=Component R12 RC0402FR-075K1L
Added Member To Class: ClassName=[5] AnalogChannels_1_2_3_4 Member=Component R13 RC0402FR-075K1L
Added Member To Class: ClassName=[5] AnalogChannels_1_2_3_4 Member=Component R14 RC0402FR-075K1L
Added Member To Class: ClassName=[5] AnalogChannels_1_2_3_4 Member=Component R15 RC0402FR-074K7L
Added Member To Class: ClassName=[5] AnalogChannels_1_2_3_4 Member=Component R16 RC0402FR-074K7L
Added Member To Class: ClassName=[5] AnalogChannels_1_2_3_4 Member=Component R17 RC0402FR-074K7L
Added Member To Class: ClassName=[5] AnalogChannels_1_2_3_4 Member=Component R18 RC0402FR-074K7L
Added Member To Class: ClassName=[5] AnalogChannels_1_2_3_4 Member=Component R19 RC0402FR-075K1L
Added Member To Class: ClassName=[5] AnalogChannels_1_2_3_4 Member=Component R20 RC0402FR-075K1L
Added Member To Class: ClassName=[5] AnalogChannels_1_2_3_4 Member=Component R21 RC0402FR-075K1L
Added Member To Class: ClassName=[5] AnalogChannels_1_2_3_4 Member=Component R22 RC0402FR-075K1L
Added Member To Class: ClassName=[6] AnalogChannels_5_6_7_8 Member=Component R23 RC0402FR-074K7L
Added Member To Class: ClassName=[6] AnalogChannels_5_6_7_8 Member=Component R24 RC0402FR-074K7L
Added Member To Class: ClassName=[6] AnalogChannels_5_6_7_8 Member=Component R25 RC0402FR-074K7L
Added Member To Class: ClassName=[6] AnalogChannels_5_6_7_8 Member=Component R26 RC0402FR-074K7L
Added Member To Class: ClassName=[6] AnalogChannels_5_6_7_8 Member=Component R27 RC0402FR-075K1L
Added Member To Class: ClassName=[6] AnalogChannels_5_6_7_8 Member=Component R28 RC0402FR-075K1L
Added Member To Class: ClassName=[6] AnalogChannels_5_6_7_8 Member=Component R29 RC0402FR-075K1L
Added Member To Class: ClassName=[6] AnalogChannels_5_6_7_8 Member=Component R30 RC0402FR-075K1L
Added Member To Class: ClassName=[6] AnalogChannels_5_6_7_8 Member=Component R33 RC0402FR-074K7L
Added Member To Class: ClassName=[6] AnalogChannels_5_6_7_8 Member=Component R34 RC0402FR-074K7L
Added Member To Class: ClassName=[6] AnalogChannels_5_6_7_8 Member=Component R36 RC0402FR-075K1L
Added Member To Class: ClassName=[6] AnalogChannels_5_6_7_8 Member=Component R38 RC0402FR-075K1L
Added Member To Class: ClassName=[5] AnalogChannels_1_2_3_4 Member=Component U5 ADL5308ACCZ
Added Member To Class: ClassName=[5] AnalogChannels_1_2_3_4 Member=Component U6 ADL5308ACCZ
Added Member To Class: ClassName=[5] AnalogChannels_1_2_3_4 Member=Component U7 ADL5308ACCZ
Added Member To Class: ClassName=[5] AnalogChannels_1_2_3_4 Member=Component U8 ADL5308ACCZ
Added Member To Class: ClassName=[6] AnalogChannels_5_6_7_8 Member=Component U9 ADL5308ACCZ
Added Member To Class: ClassName=[6] AnalogChannels_5_6_7_8 Member=Component U10 ADL5308ACCZ
Added Member To Class: ClassName=[6] AnalogChannels_5_6_7_8 Member=Component U12 ADL5308ACCZ
Added Member To Class: ClassName=Designator Member=Component U17 SC0194(9)
