Change Component Comment : Designator=R44 Old Comment=RC0402FR-071K5L New Comment=RC0402FR-073K3L
Change Component Comment : Designator=R45 Old Comment=RC0402FR-071K5L New Comment=RC0402FR-073K3L
Change Component Comment : Designator=R42 Old Comment=RC0402FR-071K5L New Comment=RC0402FR-074K7L
Change Component Comment : Designator=R43 Old Comment=RC0402FR-071K5L New Comment=RC0402FR-074K7L
Change Component Comment : Designator=R7 Old Comment=RC0402FR-075K1L New Comment=RC0402FR-074K7L
Change Component Comment : Designator=R8 Old Comment=RC0402FR-075K1L New Comment=RC0402FR-074K7L
Change Component Comment : Designator=R9 Old Comment=RC0402FR-075K1L New Comment=RC0402FR-074K7L
Change Component Comment : Designator=R10 Old Comment=RC0402FR-075K1L New Comment=RC0402FR-074K7L
Change Component Comment : Designator=R15 Old Comment=RC0402FR-075K1L New Comment=RC0402FR-074K7L
Change Component Comment : Designator=R16 Old Comment=RC0402FR-075K1L New Comment=RC0402FR-074K7L
Change Component Comment : Designator=R17 Old Comment=RC0402FR-075K1L New Comment=RC0402FR-074K7L
Change Component Comment : Designator=R18 Old Comment=RC0402FR-075K1L New Comment=RC0402FR-074K7L
Change Component Comment : Designator=R23 Old Comment=RC0402FR-075K1L New Comment=RC0402FR-074K7L
Change Component Comment : Designator=R24 Old Comment=RC0402FR-075K1L New Comment=RC0402FR-074K7L
Change Component Comment : Designator=R25 Old Comment=RC0402FR-075K1L New Comment=RC0402FR-074K7L
Change Component Comment : Designator=R26 Old Comment=RC0402FR-075K1L New Comment=RC0402FR-074K7L
Change Component Comment : Designator=R31 Old Comment=RC0402FR-075K1L New Comment=RC0402FR-074K7L
Change Component Comment : Designator=R32 Old Comment=RC0402FR-075K1L New Comment=RC0402FR-074K7L
Change Component Comment : Designator=R33 Old Comment=RC0402FR-075K1L New Comment=RC0402FR-074K7L
Change Component Comment : Designator=R34 Old Comment=RC0402FR-075K1L New Comment=RC0402FR-074K7L
Change component parameters: Designator = "R7" ("R7"); Footprint = "RESC1005X40N"; UniqueID = "\GNVGQBQY\DRVRSWBG\IBFJUSKS" ("\GNVGQBQY\DRVRSWBG\IBFJUSKS")
Change component parameters (AddParameter): Name = "Copyright"; Value = "Copyright (C) 2025 Ultra Librarian. All rights reserved."; VariantName = "[No Variations]"
Change component parameters (AddParameter): Name = "Datasheet Link"; Value = "https://yageogroup.com/content/datasheet/asset/file/PYU-RC_GROUP_51_ROHS_L"; VariantName = "[No Variations]"
Change component parameters (AddParameter): Name = "Manufacturer_Name"; Value = "Yageo"; VariantName = "[No Variations]"
Change component parameters (AddParameter): Name = "Manufacturer_Part_Number"; Value = "RC0402FR-074K7L"; VariantName = "[No Variations]"
Change component parameters (AddParameter): Name = "RefDes"; Value = ""; VariantName = "[No Variations]"
Change component parameters (AddParameter): Name = "Supplier"; Value = "Digikey"; VariantName = "[No Variations]"
Change component parameters (AddParameter): Name = "Supplier 1"; Value = "DigiKey"; VariantName = "[No Variations]"
Change component parameters (AddParameter): Name = "Supplier Part Number 1"; Value = "311-4.7KLRCT-ND"; VariantName = "[No Variations]"
Change component parameters (AddParameter): Name = "Type"; Value = ""; VariantName = "[No Variations]"
Change component parameters (AddParameter): Name = "Value"; Value = "4.7k"; VariantName = "[No Variations]"
Change component parameters: Designator = "R8" ("R8"); Footprint = "RESC1005X40N"; UniqueID = "\GNVGQBQY\DRVRSWBG\FBECVCFH" ("\GNVGQBQY\DRVRSWBG\FBECVCFH")
Change component parameters (AddParameter): Name = "Copyright"; Value = "Copyright (C) 2025 Ultra Librarian. All rights reserved."; VariantName = "[No Variations]"
Change component parameters (AddParameter): Name = "Datasheet Link"; Value = "https://yageogroup.com/content/datasheet/asset/file/PYU-RC_GROUP_51_ROHS_L"; VariantName = "[No Variations]"
Change component parameters (AddParameter): Name = "Manufacturer_Name"; Value = "Yageo"; VariantName = "[No Variations]"
Change component parameters (AddParameter): Name = "Manufacturer_Part_Number"; Value = "RC0402FR-074K7L"; VariantName = "[No Variations]"
Change component parameters (AddParameter): Name = "RefDes"; Value = ""; VariantName = "[No Variations]"
Change component parameters (AddParameter): Name = "Supplier"; Value = "Digikey"; VariantName = "[No Variations]"
Change component parameters (AddParameter): Name = "Supplier 1"; Value = "DigiKey"; VariantName = "[No Variations]"
Change component parameters (AddParameter): Name = "Supplier Part Number 1"; Value = "311-4.7KLRCT-ND"; VariantName = "[No Variations]"
Change component parameters (AddParameter): Name = "Type"; Value = ""; VariantName = "[No Variations]"
Change component parameters (AddParameter): Name = "Value"; Value = "4.7k"; VariantName = "[No Variations]"
Change component parameters: Designator = "R9" ("R9"); Footprint = "RESC1005X40N"; UniqueID = "\GNVGQBQY\DRVRSWBG\BGEXZLWA" ("\GNVGQBQY\DRVRSWBG\BGEXZLWA")
Change component parameters (AddParameter): Name = "Copyright"; Value = "Copyright (C) 2025 Ultra Librarian. All rights reserved."; VariantName = "[No Variations]"
Change component parameters (AddParameter): Name = "Datasheet Link"; Value = "https://yageogroup.com/content/datasheet/asset/file/PYU-RC_GROUP_51_ROHS_L"; VariantName = "[No Variations]"
Change component parameters (AddParameter): Name = "Manufacturer_Name"; Value = "Yageo"; VariantName = "[No Variations]"
Change component parameters (AddParameter): Name = "Manufacturer_Part_Number"; Value = "RC0402FR-074K7L"; VariantName = "[No Variations]"
Change component parameters (AddParameter): Name = "RefDes"; Value = ""; VariantName = "[No Variations]"
Change component parameters (AddParameter): Name = "Supplier"; Value = "Digikey"; VariantName = "[No Variations]"
Change component parameters (AddParameter): Name = "Supplier 1"; Value = "DigiKey"; VariantName = "[No Variations]"
Change component parameters (AddParameter): Name = "Supplier Part Number 1"; Value = "311-4.7KLRCT-ND"; VariantName = "[No Variations]"
Change component parameters (AddParameter): Name = "Type"; Value = ""; VariantName = "[No Variations]"
Change component parameters (AddParameter): Name = "Value"; Value = "4.7k"; VariantName = "[No Variations]"
Change component parameters: Designator = "R10" ("R10"); Footprint = "RESC1005X40N"; UniqueID = "\GNVGQBQY\DRVRSWBG\CSLLALRU" ("\GNVGQBQY\DRVRSWBG\CSLLALRU")
Change component parameters (AddParameter): Name = "Copyright"; Value = "Copyright (C) 2025 Ultra Librarian. All rights reserved."; VariantName = "[No Variations]"
Change component parameters (AddParameter): Name = "Datasheet Link"; Value = "https://yageogroup.com/content/datasheet/asset/file/PYU-RC_GROUP_51_ROHS_L"; VariantName = "[No Variations]"
Change component parameters (AddParameter): Name = "Manufacturer_Name"; Value = "Yageo"; VariantName = "[No Variations]"
Change component parameters (AddParameter): Name = "Manufacturer_Part_Number"; Value = "RC0402FR-074K7L"; VariantName = "[No Variations]"
Change component parameters (AddParameter): Name = "RefDes"; Value = ""; VariantName = "[No Variations]"
Change component parameters (AddParameter): Name = "Supplier"; Value = "Digikey"; VariantName = "[No Variations]"
Change component parameters (AddParameter): Name = "Supplier 1"; Value = "DigiKey"; VariantName = "[No Variations]"
Change component parameters (AddParameter): Name = "Supplier Part Number 1"; Value = "311-4.7KLRCT-ND"; VariantName = "[No Variations]"
Change component parameters (AddParameter): Name = "Type"; Value = ""; VariantName = "[No Variations]"
Change component parameters (AddParameter): Name = "Value"; Value = "4.7k"; VariantName = "[No Variations]"
Change component parameters: Designator = "R11" ("R11"); Footprint = "RESC1005X40N"; UniqueID = "\GNVGQBQY\DRVRSWBG\TQVURSRW" ("\GNVGQBQY\DRVRSWBG\TQVURSRW")
Change component parameters (AddParameter): Name = "Copyright"; Value = "Copyright (C) 2025 Ultra Librarian. All rights reserved."; VariantName = "[No Variations]"
Change component parameters (AddParameter): Name = "Datasheet Link"; Value = "https://yageogroup.com/content/datasheet/asset/file/PYU-RC_GROUP_51_ROHS_L"; VariantName = "[No Variations]"
Change component parameters (AddParameter): Name = "Manufacturer_Name"; Value = "Yageo"; VariantName = "[No Variations]"
Change component parameters (AddParameter): Name = "Manufacturer_Part_Number"; Value = "RC0402FR-075K1L"; VariantName = "[No Variations]"
Change component parameters (AddParameter): Name = "RefDes"; Value = ""; VariantName = "[No Variations]"
Change component parameters (AddParameter): Name = "Supplier"; Value = "Digikey"; VariantName = "[No Variations]"
Change component parameters (AddParameter): Name = "Supplier 1"; Value = "DigiKey"; VariantName = "[No Variations]"
Change component parameters (AddParameter): Name = "Supplier Part Number 1"; Value = "311-5.10KLRDKR-ND"; VariantName = "[No Variations]"
Change component parameters (AddParameter): Name = "Type"; Value = ""; VariantName = "[No Variations]"
Change component parameters (AddParameter): Name = "Value"; Value = "5.1k"; VariantName = "[No Variations]"
Change component parameters: Designator = "R12" ("R12"); Footprint = "RESC1005X40N"; UniqueID = "\GNVGQBQY\DRVRSWBG\UDNWDHZS" ("\GNVGQBQY\DRVRSWBG\UDNWDHZS")
Change component parameters (AddParameter): Name = "Copyright"; Value = "Copyright (C) 2025 Ultra Librarian. All rights reserved."; VariantName = "[No Variations]"
Change component parameters (AddParameter): Name = "Datasheet Link"; Value = "https://yageogroup.com/content/datasheet/asset/file/PYU-RC_GROUP_51_ROHS_L"; VariantName = "[No Variations]"
Change component parameters (AddParameter): Name = "Manufacturer_Name"; Value = "Yageo"; VariantName = "[No Variations]"
Change component parameters (AddParameter): Name = "Manufacturer_Part_Number"; Value = "RC0402FR-075K1L"; VariantName = "[No Variations]"
Change component parameters (AddParameter): Name = "RefDes"; Value = ""; VariantName = "[No Variations]"
Change component parameters (AddParameter): Name = "Supplier"; Value = "Digikey"; VariantName = "[No Variations]"
Change component parameters (AddParameter): Name = "Supplier 1"; Value = "DigiKey"; VariantName = "[No Variations]"
Change component parameters (AddParameter): Name = "Supplier Part Number 1"; Value = "311-5.10KLRDKR-ND"; VariantName = "[No Variations]"
Change component parameters (AddParameter): Name = "Type"; Value = ""; VariantName = "[No Variations]"
Change component parameters (AddParameter): Name = "Value"; Value = "5.1k"; VariantName = "[No Variations]"
Change component parameters: Designator = "R13" ("R13"); Footprint = "RESC1005X40N"; UniqueID = "\GNVGQBQY\DRVRSWBG\URSLCATX" ("\GNVGQBQY\DRVRSWBG\URSLCATX")
Change component parameters (AddParameter): Name = "Copyright"; Value = "Copyright (C) 2025 Ultra Librarian. All rights reserved."; VariantName = "[No Variations]"
Change component parameters (AddParameter): Name = "Datasheet Link"; Value = "https://yageogroup.com/content/datasheet/asset/file/PYU-RC_GROUP_51_ROHS_L"; VariantName = "[No Variations]"
Change component parameters (AddParameter): Name = "Manufacturer_Name"; Value = "Yageo"; VariantName = "[No Variations]"
Change component parameters (AddParameter): Name = "Manufacturer_Part_Number"; Value = "RC0402FR-075K1L"; VariantName = "[No Variations]"
Change component parameters (AddParameter): Name = "RefDes"; Value = ""; VariantName = "[No Variations]"
Change component parameters (AddParameter): Name = "Supplier"; Value = "Digikey"; VariantName = "[No Variations]"
Change component parameters (AddParameter): Name = "Supplier 1"; Value = "DigiKey"; VariantName = "[No Variations]"
Change component parameters (AddParameter): Name = "Supplier Part Number 1"; Value = "311-5.10KLRDKR-ND"; VariantName = "[No Variations]"
Change component parameters (AddParameter): Name = "Type"; Value = ""; VariantName = "[No Variations]"
Change component parameters (AddParameter): Name = "Value"; Value = "5.1k"; VariantName = "[No Variations]"
Change component parameters: Designator = "R14" ("R14"); Footprint = "RESC1005X40N"; UniqueID = "\GNVGQBQY\DRVRSWBG\JWYWNWMJ" ("\GNVGQBQY\DRVRSWBG\JWYWNWMJ")
Change component parameters (AddParameter): Name = "Copyright"; Value = "Copyright (C) 2025 Ultra Librarian. All rights reserved."; VariantName = "[No Variations]"
Change component parameters (AddParameter): Name = "Datasheet Link"; Value = "https://yageogroup.com/content/datasheet/asset/file/PYU-RC_GROUP_51_ROHS_L"; VariantName = "[No Variations]"
Change component parameters (AddParameter): Name = "Manufacturer_Name"; Value = "Yageo"; VariantName = "[No Variations]"
Change component parameters (AddParameter): Name = "Manufacturer_Part_Number"; Value = "RC0402FR-075K1L"; VariantName = "[No Variations]"
Change component parameters (AddParameter): Name = "RefDes"; Value = ""; VariantName = "[No Variations]"
Change component parameters (AddParameter): Name = "Supplier"; Value = "Digikey"; VariantName = "[No Variations]"
Change component parameters (AddParameter): Name = "Supplier 1"; Value = "DigiKey"; VariantName = "[No Variations]"
Change component parameters (AddParameter): Name = "Supplier Part Number 1"; Value = "311-5.10KLRDKR-ND"; VariantName = "[No Variations]"
Change component parameters (AddParameter): Name = "Type"; Value = ""; VariantName = "[No Variations]"
Change component parameters (AddParameter): Name = "Value"; Value = "5.1k"; VariantName = "[No Variations]"
Change component parameters: Designator = "R15" ("R15"); Footprint = "RESC1005X40N"; UniqueID = "\GNVGQBQY\DRVRSWBG\KDSSDOJY" ("\GNVGQBQY\DRVRSWBG\KDSSDOJY")
Change component parameters (AddParameter): Name = "Copyright"; Value = "Copyright (C) 2025 Ultra Librarian. All rights reserved."; VariantName = "[No Variations]"
Change component parameters (AddParameter): Name = "Datasheet Link"; Value = "https://yageogroup.com/content/datasheet/asset/file/PYU-RC_GROUP_51_ROHS_L"; VariantName = "[No Variations]"
Change component parameters (AddParameter): Name = "Manufacturer_Name"; Value = "Yageo"; VariantName = "[No Variations]"
Change component parameters (AddParameter): Name = "Manufacturer_Part_Number"; Value = "RC0402FR-074K7L"; VariantName = "[No Variations]"
Change component parameters (AddParameter): Name = "RefDes"; Value = ""; VariantName = "[No Variations]"
Change component parameters (AddParameter): Name = "Supplier"; Value = "Digikey"; VariantName = "[No Variations]"
Change component parameters (AddParameter): Name = "Supplier 1"; Value = "DigiKey"; VariantName = "[No Variations]"
Change component parameters (AddParameter): Name = "Supplier Part Number 1"; Value = "311-4.7KLRCT-ND"; VariantName = "[No Variations]"
Change component parameters (AddParameter): Name = "Type"; Value = ""; VariantName = "[No Variations]"
Change component parameters (AddParameter): Name = "Value"; Value = "4.7k"; VariantName = "[No Variations]"
Change component parameters: Designator = "R16" ("R16"); Footprint = "RESC1005X40N"; UniqueID = "\GNVGQBQY\DRVRSWBG\TYDHONEB" ("\GNVGQBQY\DRVRSWBG\TYDHONEB")
Change component parameters (AddParameter): Name = "Copyright"; Value = "Copyright (C) 2025 Ultra Librarian. All rights reserved."; VariantName = "[No Variations]"
Change component parameters (AddParameter): Name = "Datasheet Link"; Value = "https://yageogroup.com/content/datasheet/asset/file/PYU-RC_GROUP_51_ROHS_L"; VariantName = "[No Variations]"
Change component parameters (AddParameter): Name = "Manufacturer_Name"; Value = "Yageo"; VariantName = "[No Variations]"
Change component parameters (AddParameter): Name = "Manufacturer_Part_Number"; Value = "RC0402FR-074K7L"; VariantName = "[No Variations]"
Change component parameters (AddParameter): Name = "RefDes"; Value = ""; VariantName = "[No Variations]"
Change component parameters (AddParameter): Name = "Supplier"; Value = "Digikey"; VariantName = "[No Variations]"
Change component parameters (AddParameter): Name = "Supplier 1"; Value = "DigiKey"; VariantName = "[No Variations]"
Change component parameters (AddParameter): Name = "Supplier Part Number 1"; Value = "311-4.7KLRCT-ND"; VariantName = "[No Variations]"
Change component parameters (AddParameter): Name = "Type"; Value = ""; VariantName = "[No Variations]"
Change component parameters (AddParameter): Name = "Value"; Value = "4.7k"; VariantName = "[No Variations]"
Change component parameters: Designator = "R17" ("R17"); Footprint = "RESC1005X40N"; UniqueID = "\GNVGQBQY\DRVRSWBG\ZHBAFQOU" ("\GNVGQBQY\DRVRSWBG\ZHBAFQOU")
Change component parameters (AddParameter): Name = "Copyright"; Value = "Copyright (C) 2025 Ultra Librarian. All rights reserved."; VariantName = "[No Variations]"
Change component parameters (AddParameter): Name = "Datasheet Link"; Value = "https://yageogroup.com/content/datasheet/asset/file/PYU-RC_GROUP_51_ROHS_L"; VariantName = "[No Variations]"
Change component parameters (AddParameter): Name = "Manufacturer_Name"; Value = "Yageo"; VariantName = "[No Variations]"
Change component parameters (AddParameter): Name = "Manufacturer_Part_Number"; Value = "RC0402FR-074K7L"; VariantName = "[No Variations]"
Change component parameters (AddParameter): Name = "RefDes"; Value = ""; VariantName = "[No Variations]"
Change component parameters (AddParameter): Name = "Supplier"; Value = "Digikey"; VariantName = "[No Variations]"
Change component parameters (AddParameter): Name = "Supplier 1"; Value = "DigiKey"; VariantName = "[No Variations]"
Change component parameters (AddParameter): Name = "Supplier Part Number 1"; Value = "311-4.7KLRCT-ND"; VariantName = "[No Variations]"
Change component parameters (AddParameter): Name = "Type"; Value = ""; VariantName = "[No Variations]"
Change component parameters (AddParameter): Name = "Value"; Value = "4.7k"; VariantName = "[No Variations]"
Change component parameters: Designator = "R18" ("R18"); Footprint = "RESC1005X40N"; UniqueID = "\GNVGQBQY\DRVRSWBG\ZIFHYIIU" ("\GNVGQBQY\DRVRSWBG\ZIFHYIIU")
Change component parameters (AddParameter): Name = "Copyright"; Value = "Copyright (C) 2025 Ultra Librarian. All rights reserved."; VariantName = "[No Variations]"
Change component parameters (AddParameter): Name = "Datasheet Link"; Value = "https://yageogroup.com/content/datasheet/asset/file/PYU-RC_GROUP_51_ROHS_L"; VariantName = "[No Variations]"
Change component parameters (AddParameter): Name = "Manufacturer_Name"; Value = "Yageo"; VariantName = "[No Variations]"
Change component parameters (AddParameter): Name = "Manufacturer_Part_Number"; Value = "RC0402FR-074K7L"; VariantName = "[No Variations]"
Change component parameters (AddParameter): Name = "RefDes"; Value = ""; VariantName = "[No Variations]"
Change component parameters (AddParameter): Name = "Supplier"; Value = "Digikey"; VariantName = "[No Variations]"
Change component parameters (AddParameter): Name = "Supplier 1"; Value = "DigiKey"; VariantName = "[No Variations]"
Change component parameters (AddParameter): Name = "Supplier Part Number 1"; Value = "311-4.7KLRCT-ND"; VariantName = "[No Variations]"
Change component parameters (AddParameter): Name = "Type"; Value = ""; VariantName = "[No Variations]"
Change component parameters (AddParameter): Name = "Value"; Value = "4.7k"; VariantName = "[No Variations]"
Change component parameters: Designator = "R19" ("R19"); Footprint = "RESC1005X40N"; UniqueID = "\GNVGQBQY\DRVRSWBG\EVTXLBNI" ("\GNVGQBQY\DRVRSWBG\EVTXLBNI")
Change component parameters (AddParameter): Name = "Copyright"; Value = "Copyright (C) 2025 Ultra Librarian. All rights reserved."; VariantName = "[No Variations]"
Change component parameters (AddParameter): Name = "Datasheet Link"; Value = "https://yageogroup.com/content/datasheet/asset/file/PYU-RC_GROUP_51_ROHS_L"; VariantName = "[No Variations]"
Change component parameters (AddParameter): Name = "Manufacturer_Name"; Value = "Yageo"; VariantName = "[No Variations]"
Change component parameters (AddParameter): Name = "Manufacturer_Part_Number"; Value = "RC0402FR-075K1L"; VariantName = "[No Variations]"
Change component parameters (AddParameter): Name = "RefDes"; Value = ""; VariantName = "[No Variations]"
Change component parameters (AddParameter): Name = "Supplier"; Value = "Digikey"; VariantName = "[No Variations]"
Change component parameters (AddParameter): Name = "Supplier 1"; Value = "DigiKey"; VariantName = "[No Variations]"
Change component parameters (AddParameter): Name = "Supplier Part Number 1"; Value = "311-5.10KLRDKR-ND"; VariantName = "[No Variations]"
Change component parameters (AddParameter): Name = "Type"; Value = ""; VariantName = "[No Variations]"
Change component parameters (AddParameter): Name = "Value"; Value = "5.1k"; VariantName = "[No Variations]"
Change component parameters: Designator = "R20" ("R20"); Footprint = "RESC1005X40N"; UniqueID = "\GNVGQBQY\DRVRSWBG\JHGMCNOV" ("\GNVGQBQY\DRVRSWBG\JHGMCNOV")
Change component parameters (AddParameter): Name = "Copyright"; Value = "Copyright (C) 2025 Ultra Librarian. All rights reserved."; VariantName = "[No Variations]"
Change component parameters (AddParameter): Name = "Datasheet Link"; Value = "https://yageogroup.com/content/datasheet/asset/file/PYU-RC_GROUP_51_ROHS_L"; VariantName = "[No Variations]"
Change component parameters (AddParameter): Name = "Manufacturer_Name"; Value = "Yageo"; VariantName = "[No Variations]"
Change component parameters (AddParameter): Name = "Manufacturer_Part_Number"; Value = "RC0402FR-075K1L"; VariantName = "[No Variations]"
Change component parameters (AddParameter): Name = "RefDes"; Value = ""; VariantName = "[No Variations]"
Change component parameters (AddParameter): Name = "Supplier"; Value = "Digikey"; VariantName = "[No Variations]"
Change component parameters (AddParameter): Name = "Supplier 1"; Value = "DigiKey"; VariantName = "[No Variations]"
Change component parameters (AddParameter): Name = "Supplier Part Number 1"; Value = "311-5.10KLRDKR-ND"; VariantName = "[No Variations]"
Change component parameters (AddParameter): Name = "Type"; Value = ""; VariantName = "[No Variations]"
Change component parameters (AddParameter): Name = "Value"; Value = "5.1k"; VariantName = "[No Variations]"
Change component parameters: Designator = "R21" ("R21"); Footprint = "RESC1005X40N"; UniqueID = "\GNVGQBQY\DRVRSWBG\WMVPYQMF" ("\GNVGQBQY\DRVRSWBG\WMVPYQMF")
Change component parameters (AddParameter): Name = "Copyright"; Value = "Copyright (C) 2025 Ultra Librarian. All rights reserved."; VariantName = "[No Variations]"
Change component parameters (AddParameter): Name = "Datasheet Link"; Value = "https://yageogroup.com/content/datasheet/asset/file/PYU-RC_GROUP_51_ROHS_L"; VariantName = "[No Variations]"
Change component parameters (AddParameter): Name = "Manufacturer_Name"; Value = "Yageo"; VariantName = "[No Variations]"
Change component parameters (AddParameter): Name = "Manufacturer_Part_Number"; Value = "RC0402FR-075K1L"; VariantName = "[No Variations]"
Change component parameters (AddParameter): Name = "RefDes"; Value = ""; VariantName = "[No Variations]"
Change component parameters (AddParameter): Name = "Supplier"; Value = "Digikey"; VariantName = "[No Variations]"
Change component parameters (AddParameter): Name = "Supplier 1"; Value = "DigiKey"; VariantName = "[No Variations]"
Change component parameters (AddParameter): Name = "Supplier Part Number 1"; Value = "311-5.10KLRDKR-ND"; VariantName = "[No Variations]"
Change component parameters (AddParameter): Name = "Type"; Value = ""; VariantName = "[No Variations]"
Change component parameters (AddParameter): Name = "Value"; Value = "5.1k"; VariantName = "[No Variations]"
Change component parameters: Designator = "R22" ("R22"); Footprint = "RESC1005X40N"; UniqueID = "\GNVGQBQY\DRVRSWBG\STQYCDXD" ("\GNVGQBQY\DRVRSWBG\STQYCDXD")
Change component parameters (AddParameter): Name = "Copyright"; Value = "Copyright (C) 2025 Ultra Librarian. All rights reserved."; VariantName = "[No Variations]"
Change component parameters (AddParameter): Name = "Datasheet Link"; Value = "https://yageogroup.com/content/datasheet/asset/file/PYU-RC_GROUP_51_ROHS_L"; VariantName = "[No Variations]"
Change component parameters (AddParameter): Name = "Manufacturer_Name"; Value = "Yageo"; VariantName = "[No Variations]"
Change component parameters (AddParameter): Name = "Manufacturer_Part_Number"; Value = "RC0402FR-075K1L"; VariantName = "[No Variations]"
Change component parameters (AddParameter): Name = "RefDes"; Value = ""; VariantName = "[No Variations]"
Change component parameters (AddParameter): Name = "Supplier"; Value = "Digikey"; VariantName = "[No Variations]"
Change component parameters (AddParameter): Name = "Supplier 1"; Value = "DigiKey"; VariantName = "[No Variations]"
Change component parameters (AddParameter): Name = "Supplier Part Number 1"; Value = "311-5.10KLRDKR-ND"; VariantName = "[No Variations]"
Change component parameters (AddParameter): Name = "Type"; Value = ""; VariantName = "[No Variations]"
Change component parameters (AddParameter): Name = "Value"; Value = "5.1k"; VariantName = "[No Variations]"
Change component parameters: Designator = "R23" ("R23"); Footprint = "RESC1005X40N"; UniqueID = "\GNVGQBQY\TLSFPOXS\IJDMDSAH" ("\GNVGQBQY\TLSFPOXS\IJDMDSAH")
Change component parameters (AddParameter): Name = "Copyright"; Value = "Copyright (C) 2025 Ultra Librarian. All rights reserved."; VariantName = "[No Variations]"
Change component parameters (AddParameter): Name = "Datasheet Link"; Value = "https://yageogroup.com/content/datasheet/asset/file/PYU-RC_GROUP_51_ROHS_L"; VariantName = "[No Variations]"
Change component parameters (AddParameter): Name = "Manufacturer_Name"; Value = "Yageo"; VariantName = "[No Variations]"
Change component parameters (AddParameter): Name = "Manufacturer_Part_Number"; Value = "RC0402FR-074K7L"; VariantName = "[No Variations]"
Change component parameters (AddParameter): Name = "RefDes"; Value = ""; VariantName = "[No Variations]"
Change component parameters (AddParameter): Name = "Supplier"; Value = "Digikey"; VariantName = "[No Variations]"
Change component parameters (AddParameter): Name = "Supplier 1"; Value = "DigiKey"; VariantName = "[No Variations]"
Change component parameters (AddParameter): Name = "Supplier Part Number 1"; Value = "311-4.7KLRCT-ND"; VariantName = "[No Variations]"
Change component parameters (AddParameter): Name = "Type"; Value = ""; VariantName = "[No Variations]"
Change component parameters (AddParameter): Name = "Value"; Value = "4.7k"; VariantName = "[No Variations]"
Change component parameters: Designator = "R24" ("R24"); Footprint = "RESC1005X40N"; UniqueID = "\GNVGQBQY\TLSFPOXS\OXAJMZZH" ("\GNVGQBQY\TLSFPOXS\OXAJMZZH")
Change component parameters (AddParameter): Name = "Copyright"; Value = "Copyright (C) 2025 Ultra Librarian. All rights reserved."; VariantName = "[No Variations]"
Change component parameters (AddParameter): Name = "Datasheet Link"; Value = "https://yageogroup.com/content/datasheet/asset/file/PYU-RC_GROUP_51_ROHS_L"; VariantName = "[No Variations]"
Change component parameters (AddParameter): Name = "Manufacturer_Name"; Value = "Yageo"; VariantName = "[No Variations]"
Change component parameters (AddParameter): Name = "Manufacturer_Part_Number"; Value = "RC0402FR-074K7L"; VariantName = "[No Variations]"
Change component parameters (AddParameter): Name = "RefDes"; Value = ""; VariantName = "[No Variations]"
Change component parameters (AddParameter): Name = "Supplier"; Value = "Digikey"; VariantName = "[No Variations]"
Change component parameters (AddParameter): Name = "Supplier 1"; Value = "DigiKey"; VariantName = "[No Variations]"
Change component parameters (AddParameter): Name = "Supplier Part Number 1"; Value = "311-4.7KLRCT-ND"; VariantName = "[No Variations]"
Change component parameters (AddParameter): Name = "Type"; Value = ""; VariantName = "[No Variations]"
Change component parameters (AddParameter): Name = "Value"; Value = "4.7k"; VariantName = "[No Variations]"
Change component parameters: Designator = "R25" ("R25"); Footprint = "RESC1005X40N"; UniqueID = "\GNVGQBQY\TLSFPOXS\SZKLEUYB" ("\GNVGQBQY\TLSFPOXS\SZKLEUYB")
Change component parameters (AddParameter): Name = "Copyright"; Value = "Copyright (C) 2025 Ultra Librarian. All rights reserved."; VariantName = "[No Variations]"
Change component parameters (AddParameter): Name = "Datasheet Link"; Value = "https://yageogroup.com/content/datasheet/asset/file/PYU-RC_GROUP_51_ROHS_L"; VariantName = "[No Variations]"
Change component parameters (AddParameter): Name = "Manufacturer_Name"; Value = "Yageo"; VariantName = "[No Variations]"
Change component parameters (AddParameter): Name = "Manufacturer_Part_Number"; Value = "RC0402FR-074K7L"; VariantName = "[No Variations]"
Change component parameters (AddParameter): Name = "RefDes"; Value = ""; VariantName = "[No Variations]"
Change component parameters (AddParameter): Name = "Supplier"; Value = "Digikey"; VariantName = "[No Variations]"
Change component parameters (AddParameter): Name = "Supplier 1"; Value = "DigiKey"; VariantName = "[No Variations]"
Change component parameters (AddParameter): Name = "Supplier Part Number 1"; Value = "311-4.7KLRCT-ND"; VariantName = "[No Variations]"
Change component parameters (AddParameter): Name = "Type"; Value = ""; VariantName = "[No Variations]"
Change component parameters (AddParameter): Name = "Value"; Value = "4.7k"; VariantName = "[No Variations]"
Change component parameters: Designator = "R26" ("R26"); Footprint = "RESC1005X40N"; UniqueID = "\GNVGQBQY\TLSFPOXS\ARFOFTIR" ("\GNVGQBQY\TLSFPOXS\ARFOFTIR")
Change component parameters (AddParameter): Name = "Copyright"; Value = "Copyright (C) 2025 Ultra Librarian. All rights reserved."; VariantName = "[No Variations]"
Change component parameters (AddParameter): Name = "Datasheet Link"; Value = "https://yageogroup.com/content/datasheet/asset/file/PYU-RC_GROUP_51_ROHS_L"; VariantName = "[No Variations]"
Change component parameters (AddParameter): Name = "Manufacturer_Name"; Value = "Yageo"; VariantName = "[No Variations]"
Change component parameters (AddParameter): Name = "Manufacturer_Part_Number"; Value = "RC0402FR-074K7L"; VariantName = "[No Variations]"
Change component parameters (AddParameter): Name = "RefDes"; Value = ""; VariantName = "[No Variations]"
Change component parameters (AddParameter): Name = "Supplier"; Value = "Digikey"; VariantName = "[No Variations]"
Change component parameters (AddParameter): Name = "Supplier 1"; Value = "DigiKey"; VariantName = "[No Variations]"
Change component parameters (AddParameter): Name = "Supplier Part Number 1"; Value = "311-4.7KLRCT-ND"; VariantName = "[No Variations]"
Change component parameters (AddParameter): Name = "Type"; Value = ""; VariantName = "[No Variations]"
Change component parameters (AddParameter): Name = "Value"; Value = "4.7k"; VariantName = "[No Variations]"
Change component parameters: Designator = "R27" ("R27"); Footprint = "RESC1005X40N"; UniqueID = "\GNVGQBQY\TLSFPOXS\MFPDOXNM" ("\GNVGQBQY\TLSFPOXS\MFPDOXNM")
Change component parameters (AddParameter): Name = "Copyright"; Value = "Copyright (C) 2025 Ultra Librarian. All rights reserved."; VariantName = "[No Variations]"
Change component parameters (AddParameter): Name = "Datasheet Link"; Value = "https://yageogroup.com/content/datasheet/asset/file/PYU-RC_GROUP_51_ROHS_L"; VariantName = "[No Variations]"
Change component parameters (AddParameter): Name = "Manufacturer_Name"; Value = "Yageo"; VariantName = "[No Variations]"
Change component parameters (AddParameter): Name = "Manufacturer_Part_Number"; Value = "RC0402FR-075K1L"; VariantName = "[No Variations]"
Change component parameters (AddParameter): Name = "RefDes"; Value = ""; VariantName = "[No Variations]"
Change component parameters (AddParameter): Name = "Supplier"; Value = "Digikey"; VariantName = "[No Variations]"
Change component parameters (AddParameter): Name = "Supplier 1"; Value = "DigiKey"; VariantName = "[No Variations]"
Change component parameters (AddParameter): Name = "Supplier Part Number 1"; Value = "311-5.10KLRDKR-ND"; VariantName = "[No Variations]"
Change component parameters (AddParameter): Name = "Type"; Value = ""; VariantName = "[No Variations]"
Change component parameters (AddParameter): Name = "Value"; Value = "5.1k"; VariantName = "[No Variations]"
Change component parameters: Designator = "R28" ("R28"); Footprint = "RESC1005X40N"; UniqueID = "\GNVGQBQY\TLSFPOXS\DFZEZDXI" ("\GNVGQBQY\TLSFPOXS\DFZEZDXI")
Change component parameters (AddParameter): Name = "Copyright"; Value = "Copyright (C) 2025 Ultra Librarian. All rights reserved."; VariantName = "[No Variations]"
Change component parameters (AddParameter): Name = "Datasheet Link"; Value = "https://yageogroup.com/content/datasheet/asset/file/PYU-RC_GROUP_51_ROHS_L"; VariantName = "[No Variations]"
Change component parameters (AddParameter): Name = "Manufacturer_Name"; Value = "Yageo"; VariantName = "[No Variations]"
Change component parameters (AddParameter): Name = "Manufacturer_Part_Number"; Value = "RC0402FR-075K1L"; VariantName = "[No Variations]"
Change component parameters (AddParameter): Name = "RefDes"; Value = ""; VariantName = "[No Variations]"
Change component parameters (AddParameter): Name = "Supplier"; Value = "Digikey"; VariantName = "[No Variations]"
Change component parameters (AddParameter): Name = "Supplier 1"; Value = "DigiKey"; VariantName = "[No Variations]"
Change component parameters (AddParameter): Name = "Supplier Part Number 1"; Value = "311-5.10KLRDKR-ND"; VariantName = "[No Variations]"
Change component parameters (AddParameter): Name = "Type"; Value = ""; VariantName = "[No Variations]"
Change component parameters (AddParameter): Name = "Value"; Value = "5.1k"; VariantName = "[No Variations]"
Change component parameters: Designator = "R29" ("R29"); Footprint = "RESC1005X40N"; UniqueID = "\GNVGQBQY\TLSFPOXS\HHPNDXLT" ("\GNVGQBQY\TLSFPOXS\HHPNDXLT")
Change component parameters (AddParameter): Name = "Copyright"; Value = "Copyright (C) 2025 Ultra Librarian. All rights reserved."; VariantName = "[No Variations]"
Change component parameters (AddParameter): Name = "Datasheet Link"; Value = "https://yageogroup.com/content/datasheet/asset/file/PYU-RC_GROUP_51_ROHS_L"; VariantName = "[No Variations]"
Change component parameters (AddParameter): Name = "Manufacturer_Name"; Value = "Yageo"; VariantName = "[No Variations]"
Change component parameters (AddParameter): Name = "Manufacturer_Part_Number"; Value = "RC0402FR-075K1L"; VariantName = "[No Variations]"
Change component parameters (AddParameter): Name = "RefDes"; Value = ""; VariantName = "[No Variations]"
Change component parameters (AddParameter): Name = "Supplier"; Value = "Digikey"; VariantName = "[No Variations]"
Change component parameters (AddParameter): Name = "Supplier 1"; Value = "DigiKey"; VariantName = "[No Variations]"
Change component parameters (AddParameter): Name = "Supplier Part Number 1"; Value = "311-5.10KLRDKR-ND"; VariantName = "[No Variations]"
Change component parameters (AddParameter): Name = "Type"; Value = ""; VariantName = "[No Variations]"
Change component parameters (AddParameter): Name = "Value"; Value = "5.1k"; VariantName = "[No Variations]"
Change component parameters: Designator = "R30" ("R30"); Footprint = "RESC1005X40N"; UniqueID = "\GNVGQBQY\TLSFPOXS\NXBUNZJC" ("\GNVGQBQY\TLSFPOXS\NXBUNZJC")
Change component parameters (AddParameter): Name = "Copyright"; Value = "Copyright (C) 2025 Ultra Librarian. All rights reserved."; VariantName = "[No Variations]"
Change component parameters (AddParameter): Name = "Datasheet Link"; Value = "https://yageogroup.com/content/datasheet/asset/file/PYU-RC_GROUP_51_ROHS_L"; VariantName = "[No Variations]"
Change component parameters (AddParameter): Name = "Manufacturer_Name"; Value = "Yageo"; VariantName = "[No Variations]"
Change component parameters (AddParameter): Name = "Manufacturer_Part_Number"; Value = "RC0402FR-075K1L"; VariantName = "[No Variations]"
Change component parameters (AddParameter): Name = "RefDes"; Value = ""; VariantName = "[No Variations]"
Change component parameters (AddParameter): Name = "Supplier"; Value = "Digikey"; VariantName = "[No Variations]"
Change component parameters (AddParameter): Name = "Supplier 1"; Value = "DigiKey"; VariantName = "[No Variations]"
Change component parameters (AddParameter): Name = "Supplier Part Number 1"; Value = "311-5.10KLRDKR-ND"; VariantName = "[No Variations]"
Change component parameters (AddParameter): Name = "Type"; Value = ""; VariantName = "[No Variations]"
Change component parameters (AddParameter): Name = "Value"; Value = "5.1k"; VariantName = "[No Variations]"
Change component parameters: Designator = "R31" ("R31"); Footprint = "RESC1005X40N"; UniqueID = "\GNVGQBQY\TLSFPOXS\WFVBOOSE" ("\GNVGQBQY\TLSFPOXS\WFVBOOSE")
Change component parameters (AddParameter): Name = "Copyright"; Value = "Copyright (C) 2025 Ultra Librarian. All rights reserved."; VariantName = "[No Variations]"
Change component parameters (AddParameter): Name = "Datasheet Link"; Value = "https://yageogroup.com/content/datasheet/asset/file/PYU-RC_GROUP_51_ROHS_L"; VariantName = "[No Variations]"
Change component parameters (AddParameter): Name = "Manufacturer_Name"; Value = "Yageo"; VariantName = "[No Variations]"
Change component parameters (AddParameter): Name = "Manufacturer_Part_Number"; Value = "RC0402FR-074K7L"; VariantName = "[No Variations]"
Change component parameters (AddParameter): Name = "RefDes"; Value = ""; VariantName = "[No Variations]"
Change component parameters (AddParameter): Name = "Supplier"; Value = "Digikey"; VariantName = "[No Variations]"
Change component parameters (AddParameter): Name = "Supplier 1"; Value = "DigiKey"; VariantName = "[No Variations]"
Change component parameters (AddParameter): Name = "Supplier Part Number 1"; Value = "311-4.7KLRCT-ND"; VariantName = "[No Variations]"
Change component parameters (AddParameter): Name = "Type"; Value = ""; VariantName = "[No Variations]"
Change component parameters (AddParameter): Name = "Value"; Value = "4.7k"; VariantName = "[No Variations]"
Change component parameters: Designator = "R32" ("R32"); Footprint = "RESC1005X40N"; UniqueID = "\GNVGQBQY\TLSFPOXS\OWGMBURV" ("\GNVGQBQY\TLSFPOXS\OWGMBURV")
Change component parameters (AddParameter): Name = "Copyright"; Value = "Copyright (C) 2025 Ultra Librarian. All rights reserved."; VariantName = "[No Variations]"
Change component parameters (AddParameter): Name = "Datasheet Link"; Value = "https://yageogroup.com/content/datasheet/asset/file/PYU-RC_GROUP_51_ROHS_L"; VariantName = "[No Variations]"
Change component parameters (AddParameter): Name = "Manufacturer_Name"; Value = "Yageo"; VariantName = "[No Variations]"
Change component parameters (AddParameter): Name = "Manufacturer_Part_Number"; Value = "RC0402FR-074K7L"; VariantName = "[No Variations]"
Change component parameters (AddParameter): Name = "RefDes"; Value = ""; VariantName = "[No Variations]"
Change component parameters (AddParameter): Name = "Supplier"; Value = "Digikey"; VariantName = "[No Variations]"
Change component parameters (AddParameter): Name = "Supplier 1"; Value = "DigiKey"; VariantName = "[No Variations]"
Change component parameters (AddParameter): Name = "Supplier Part Number 1"; Value = "311-4.7KLRCT-ND"; VariantName = "[No Variations]"
Change component parameters (AddParameter): Name = "Type"; Value = ""; VariantName = "[No Variations]"
Change component parameters (AddParameter): Name = "Value"; Value = "4.7k"; VariantName = "[No Variations]"
Change component parameters: Designator = "R33" ("R33"); Footprint = "RESC1005X40N"; UniqueID = "\GNVGQBQY\TLSFPOXS\BGIQDLLS" ("\GNVGQBQY\TLSFPOXS\BGIQDLLS")
Change component parameters (AddParameter): Name = "Copyright"; Value = "Copyright (C) 2025 Ultra Librarian. All rights reserved."; VariantName = "[No Variations]"
Change component parameters (AddParameter): Name = "Datasheet Link"; Value = "https://yageogroup.com/content/datasheet/asset/file/PYU-RC_GROUP_51_ROHS_L"; VariantName = "[No Variations]"
Change component parameters (AddParameter): Name = "Manufacturer_Name"; Value = "Yageo"; VariantName = "[No Variations]"
Change component parameters (AddParameter): Name = "Manufacturer_Part_Number"; Value = "RC0402FR-074K7L"; VariantName = "[No Variations]"
Change component parameters (AddParameter): Name = "RefDes"; Value = ""; VariantName = "[No Variations]"
Change component parameters (AddParameter): Name = "Supplier"; Value = "Digikey"; VariantName = "[No Variations]"
Change component parameters (AddParameter): Name = "Supplier 1"; Value = "DigiKey"; VariantName = "[No Variations]"
Change component parameters (AddParameter): Name = "Supplier Part Number 1"; Value = "311-4.7KLRCT-ND"; VariantName = "[No Variations]"
Change component parameters (AddParameter): Name = "Type"; Value = ""; VariantName = "[No Variations]"
Change component parameters (AddParameter): Name = "Value"; Value = "4.7k"; VariantName = "[No Variations]"
Change component parameters: Designator = "R34" ("R34"); Footprint = "RESC1005X40N"; UniqueID = "\GNVGQBQY\TLSFPOXS\ARBDCMPJ" ("\GNVGQBQY\TLSFPOXS\ARBDCMPJ")
Change component parameters (AddParameter): Name = "Copyright"; Value = "Copyright (C) 2025 Ultra Librarian. All rights reserved."; VariantName = "[No Variations]"
Change component parameters (AddParameter): Name = "Datasheet Link"; Value = "https://yageogroup.com/content/datasheet/asset/file/PYU-RC_GROUP_51_ROHS_L"; VariantName = "[No Variations]"
Change component parameters (AddParameter): Name = "Manufacturer_Name"; Value = "Yageo"; VariantName = "[No Variations]"
Change component parameters (AddParameter): Name = "Manufacturer_Part_Number"; Value = "RC0402FR-074K7L"; VariantName = "[No Variations]"
Change component parameters (AddParameter): Name = "RefDes"; Value = ""; VariantName = "[No Variations]"
Change component parameters (AddParameter): Name = "Supplier"; Value = "Digikey"; VariantName = "[No Variations]"
Change component parameters (AddParameter): Name = "Supplier 1"; Value = "DigiKey"; VariantName = "[No Variations]"
Change component parameters (AddParameter): Name = "Supplier Part Number 1"; Value = "311-4.7KLRCT-ND"; VariantName = "[No Variations]"
Change component parameters (AddParameter): Name = "Type"; Value = ""; VariantName = "[No Variations]"
Change component parameters (AddParameter): Name = "Value"; Value = "4.7k"; VariantName = "[No Variations]"
Change component parameters: Designator = "R35" ("R35"); Footprint = "RESC1005X40N"; UniqueID = "\GNVGQBQY\TLSFPOXS\AXQZPVVW" ("\GNVGQBQY\TLSFPOXS\AXQZPVVW")
Change component parameters (AddParameter): Name = "Copyright"; Value = "Copyright (C) 2025 Ultra Librarian. All rights reserved."; VariantName = "[No Variations]"
Change component parameters (AddParameter): Name = "Datasheet Link"; Value = "https://yageogroup.com/content/datasheet/asset/file/PYU-RC_GROUP_51_ROHS_L"; VariantName = "[No Variations]"
Change component parameters (AddParameter): Name = "Manufacturer_Name"; Value = "Yageo"; VariantName = "[No Variations]"
Change component parameters (AddParameter): Name = "Manufacturer_Part_Number"; Value = "RC0402FR-075K1L"; VariantName = "[No Variations]"
Change component parameters (AddParameter): Name = "RefDes"; Value = ""; VariantName = "[No Variations]"
Change component parameters (AddParameter): Name = "Supplier"; Value = "Digikey"; VariantName = "[No Variations]"
Change component parameters (AddParameter): Name = "Supplier 1"; Value = "DigiKey"; VariantName = "[No Variations]"
Change component parameters (AddParameter): Name = "Supplier Part Number 1"; Value = "311-5.10KLRDKR-ND"; VariantName = "[No Variations]"
Change component parameters (AddParameter): Name = "Type"; Value = ""; VariantName = "[No Variations]"
Change component parameters (AddParameter): Name = "Value"; Value = "5.1k"; VariantName = "[No Variations]"
Change component parameters: Designator = "R36" ("R36"); Footprint = "RESC1005X40N"; UniqueID = "\GNVGQBQY\TLSFPOXS\MWCCVBZP" ("\GNVGQBQY\TLSFPOXS\MWCCVBZP")
Change component parameters (AddParameter): Name = "Copyright"; Value = "Copyright (C) 2025 Ultra Librarian. All rights reserved."; VariantName = "[No Variations]"
Change component parameters (AddParameter): Name = "Datasheet Link"; Value = "https://yageogroup.com/content/datasheet/asset/file/PYU-RC_GROUP_51_ROHS_L"; VariantName = "[No Variations]"
Change component parameters (AddParameter): Name = "Manufacturer_Name"; Value = "Yageo"; VariantName = "[No Variations]"
Change component parameters (AddParameter): Name = "Manufacturer_Part_Number"; Value = "RC0402FR-075K1L"; VariantName = "[No Variations]"
Change component parameters (AddParameter): Name = "RefDes"; Value = ""; VariantName = "[No Variations]"
Change component parameters (AddParameter): Name = "Supplier"; Value = "Digikey"; VariantName = "[No Variations]"
Change component parameters (AddParameter): Name = "Supplier 1"; Value = "DigiKey"; VariantName = "[No Variations]"
Change component parameters (AddParameter): Name = "Supplier Part Number 1"; Value = "311-5.10KLRDKR-ND"; VariantName = "[No Variations]"
Change component parameters (AddParameter): Name = "Type"; Value = ""; VariantName = "[No Variations]"
Change component parameters (AddParameter): Name = "Value"; Value = "5.1k"; VariantName = "[No Variations]"
Change component parameters: Designator = "R37" ("R37"); Footprint = "RESC1005X40N"; UniqueID = "\GNVGQBQY\TLSFPOXS\LPKZECJF" ("\GNVGQBQY\TLSFPOXS\LPKZECJF")
Change component parameters (AddParameter): Name = "Copyright"; Value = "Copyright (C) 2025 Ultra Librarian. All rights reserved."; VariantName = "[No Variations]"
Change component parameters (AddParameter): Name = "Datasheet Link"; Value = "https://yageogroup.com/content/datasheet/asset/file/PYU-RC_GROUP_51_ROHS_L"; VariantName = "[No Variations]"
Change component parameters (AddParameter): Name = "Manufacturer_Name"; Value = "Yageo"; VariantName = "[No Variations]"
Change component parameters (AddParameter): Name = "Manufacturer_Part_Number"; Value = "RC0402FR-075K1L"; VariantName = "[No Variations]"
Change component parameters (AddParameter): Name = "RefDes"; Value = ""; VariantName = "[No Variations]"
Change component parameters (AddParameter): Name = "Supplier"; Value = "Digikey"; VariantName = "[No Variations]"
Change component parameters (AddParameter): Name = "Supplier 1"; Value = "DigiKey"; VariantName = "[No Variations]"
Change component parameters (AddParameter): Name = "Supplier Part Number 1"; Value = "311-5.10KLRDKR-ND"; VariantName = "[No Variations]"
Change component parameters (AddParameter): Name = "Type"; Value = ""; VariantName = "[No Variations]"
Change component parameters (AddParameter): Name = "Value"; Value = "5.1k"; VariantName = "[No Variations]"
Change component parameters: Designator = "R38" ("R38"); Footprint = "RESC1005X40N"; UniqueID = "\GNVGQBQY\TLSFPOXS\MGCZOEFX" ("\GNVGQBQY\TLSFPOXS\MGCZOEFX")
Change component parameters (AddParameter): Name = "Copyright"; Value = "Copyright (C) 2025 Ultra Librarian. All rights reserved."; VariantName = "[No Variations]"
Change component parameters (AddParameter): Name = "Datasheet Link"; Value = "https://yageogroup.com/content/datasheet/asset/file/PYU-RC_GROUP_51_ROHS_L"; VariantName = "[No Variations]"
Change component parameters (AddParameter): Name = "Manufacturer_Name"; Value = "Yageo"; VariantName = "[No Variations]"
Change component parameters (AddParameter): Name = "Manufacturer_Part_Number"; Value = "RC0402FR-075K1L"; VariantName = "[No Variations]"
Change component parameters (AddParameter): Name = "RefDes"; Value = ""; VariantName = "[No Variations]"
Change component parameters (AddParameter): Name = "Supplier"; Value = "Digikey"; VariantName = "[No Variations]"
Change component parameters (AddParameter): Name = "Supplier 1"; Value = "DigiKey"; VariantName = "[No Variations]"
Change component parameters (AddParameter): Name = "Supplier Part Number 1"; Value = "311-5.10KLRDKR-ND"; VariantName = "[No Variations]"
Change component parameters (AddParameter): Name = "Type"; Value = ""; VariantName = "[No Variations]"
Change component parameters (AddParameter): Name = "Value"; Value = "5.1k"; VariantName = "[No Variations]"
Change component parameters: Designator = "R40" ("R40"); Footprint = "RESC1005X40N"; UniqueID = "\GNVGQBQY\MXJXKMLA\ZQDGMVPU" ("\GNVGQBQY\MXJXKMLA\ZQDGMVPU")
Change component parameters (AddParameter): Name = "Copyright"; Value = "Copyright (C) 2025 Ultra Librarian. All rights reserved."; VariantName = "[No Variations]"
Change component parameters (AddParameter): Name = "Datasheet Link"; Value = "https://yageogroup.com/content/datasheet/asset/file/PYU-RC_GROUP_51_ROHS_L"; VariantName = "[No Variations]"
Change component parameters (AddParameter): Name = "Manufacturer_Name"; Value = "Yageo"; VariantName = "[No Variations]"
Change component parameters (AddParameter): Name = "Manufacturer_Part_Number"; Value = "RC0402FR-075K1L"; VariantName = "[No Variations]"
Change component parameters (AddParameter): Name = "RefDes"; Value = ""; VariantName = "[No Variations]"
Change component parameters (AddParameter): Name = "Supplier"; Value = "Digikey"; VariantName = "[No Variations]"
Change component parameters (AddParameter): Name = "Supplier 1"; Value = "DigiKey"; VariantName = "[No Variations]"
Change component parameters (AddParameter): Name = "Supplier Part Number 1"; Value = "311-5.10KLRDKR-ND"; VariantName = "[No Variations]"
Change component parameters (AddParameter): Name = "Type"; Value = ""; VariantName = "[No Variations]"
Change component parameters (AddParameter): Name = "Value"; Value = "5.1k"; VariantName = "[No Variations]"
Change component parameters: Designator = "R41" ("R41"); Footprint = "RESC1005X40N"; UniqueID = "\GNVGQBQY\QESBVZYR\WQLCGVCK" ("\GNVGQBQY\QESBVZYR\WQLCGVCK")
Change component parameters (AddParameter): Name = "Copyright"; Value = "Copyright (C) 2025 Ultra Librarian. All rights reserved."; VariantName = "[No Variations]"
Change component parameters (AddParameter): Name = "Datasheet Link"; Value = "https://yageogroup.com/content/datasheet/asset/file/PYU-RC_GROUP_51_ROHS_L"; VariantName = "[No Variations]"
Change component parameters (AddParameter): Name = "Manufacturer_Name"; Value = "Yageo"; VariantName = "[No Variations]"
Change component parameters (AddParameter): Name = "Manufacturer_Part_Number"; Value = "RC0402FR-075K1L"; VariantName = "[No Variations]"
Change component parameters (AddParameter): Name = "RefDes"; Value = ""; VariantName = "[No Variations]"
Change component parameters (AddParameter): Name = "Supplier"; Value = "Digikey"; VariantName = "[No Variations]"
Change component parameters (AddParameter): Name = "Supplier 1"; Value = "DigiKey"; VariantName = "[No Variations]"
Change component parameters (AddParameter): Name = "Supplier Part Number 1"; Value = "311-5.10KLRDKR-ND"; VariantName = "[No Variations]"
Change component parameters (AddParameter): Name = "Type"; Value = ""; VariantName = "[No Variations]"
Change component parameters (AddParameter): Name = "Value"; Value = "5.1k"; VariantName = "[No Variations]"
Change component parameters: Designator = "R42" ("R42"); Footprint = "RESC1005X40N"; UniqueID = "\GNVGQBQY\QESBVZYR\MUIVWMYU" ("\GNVGQBQY\QESBVZYR\MUIVWMYU")
Change component parameters (AddParameter): Name = "Copyright"; Value = "Copyright (C) 2025 Ultra Librarian. All rights reserved."; VariantName = "[No Variations]"
Change component parameters (AddParameter): Name = "Datasheet Link"; Value = "https://yageogroup.com/content/datasheet/asset/file/PYU-RC_GROUP_51_ROHS_L"; VariantName = "[No Variations]"
Change component parameters (AddParameter): Name = "Manufacturer_Name"; Value = "Yageo"; VariantName = "[No Variations]"
Change component parameters (AddParameter): Name = "Manufacturer_Part_Number"; Value = "RC0402FR-074K7L"; VariantName = "[No Variations]"
Change component parameters (AddParameter): Name = "RefDes"; Value = ""; VariantName = "[No Variations]"
Change component parameters (AddParameter): Name = "Supplier"; Value = "Digikey"; VariantName = "[No Variations]"
Change component parameters (AddParameter): Name = "Supplier 1"; Value = "DigiKey"; VariantName = "[No Variations]"
Change component parameters (AddParameter): Name = "Supplier Part Number 1"; Value = "311-4.7KLRCT-ND"; VariantName = "[No Variations]"
Change component parameters (AddParameter): Name = "Type"; Value = ""; VariantName = "[No Variations]"
Change component parameters (AddParameter): Name = "Value"; Value = "4.7k"; VariantName = "[No Variations]"
Change component parameters: Designator = "R43" ("R43"); Footprint = "RESC1005X40N"; UniqueID = "\GNVGQBQY\QESBVZYR\DQIJWDOG" ("\GNVGQBQY\QESBVZYR\DQIJWDOG")
Change component parameters (AddParameter): Name = "Copyright"; Value = "Copyright (C) 2025 Ultra Librarian. All rights reserved."; VariantName = "[No Variations]"
Change component parameters (AddParameter): Name = "Datasheet Link"; Value = "https://yageogroup.com/content/datasheet/asset/file/PYU-RC_GROUP_51_ROHS_L"; VariantName = "[No Variations]"
Change component parameters (AddParameter): Name = "Manufacturer_Name"; Value = "Yageo"; VariantName = "[No Variations]"
Change component parameters (AddParameter): Name = "Manufacturer_Part_Number"; Value = "RC0402FR-074K7L"; VariantName = "[No Variations]"
Change component parameters (AddParameter): Name = "RefDes"; Value = ""; VariantName = "[No Variations]"
Change component parameters (AddParameter): Name = "Supplier"; Value = "Digikey"; VariantName = "[No Variations]"
Change component parameters (AddParameter): Name = "Supplier 1"; Value = "DigiKey"; VariantName = "[No Variations]"
Change component parameters (AddParameter): Name = "Supplier Part Number 1"; Value = "311-4.7KLRCT-ND"; VariantName = "[No Variations]"
Change component parameters (AddParameter): Name = "Type"; Value = ""; VariantName = "[No Variations]"
Change component parameters (AddParameter): Name = "Value"; Value = "4.7k"; VariantName = "[No Variations]"
Change component parameters: Designator = "R44" ("R44"); Footprint = "RESC1005X40N"; UniqueID = "\GNVGQBQY\QESBVZYR\WRGIAUOE" ("\GNVGQBQY\QESBVZYR\WRGIAUOE")
Change component parameters (AddParameter): Name = "Copyright"; Value = "Copyright (C) 2025 Ultra Librarian. All rights reserved."; VariantName = "[No Variations]"
Change component parameters (AddParameter): Name = "Datasheet Link"; Value = "https://yageogroup.com/content/datasheet/asset/file/PYU-RC_GROUP_51_ROHS_L"; VariantName = "[No Variations]"
Change component parameters (AddParameter): Name = "Manufacturer_Name"; Value = "Yageo"; VariantName = "[No Variations]"
Change component parameters (AddParameter): Name = "Manufacturer_Part_Number"; Value = "RC0402FR-073K3L"; VariantName = "[No Variations]"
Change component parameters (AddParameter): Name = "RefDes"; Value = ""; VariantName = "[No Variations]"
Change component parameters (AddParameter): Name = "Supplier"; Value = "Digikey"; VariantName = "[No Variations]"
Change component parameters (AddParameter): Name = "Supplier 1"; Value = "DigiKey"; VariantName = "[No Variations]"
Change component parameters (AddParameter): Name = "Supplier Part Number 1"; Value = "311-3.30KLRCT-ND"; VariantName = "[No Variations]"
Change component parameters (AddParameter): Name = "Type"; Value = ""; VariantName = "[No Variations]"
Change component parameters (AddParameter): Name = "Value"; Value = "3.3k"; VariantName = "[No Variations]"
Change component parameters: Designator = "R45" ("R45"); Footprint = "RESC1005X40N"; UniqueID = "\GNVGQBQY\QESBVZYR\UVIILSEV" ("\GNVGQBQY\QESBVZYR\UVIILSEV")
Change component parameters (AddParameter): Name = "Copyright"; Value = "Copyright (C) 2025 Ultra Librarian. All rights reserved."; VariantName = "[No Variations]"
Change component parameters (AddParameter): Name = "Datasheet Link"; Value = "https://yageogroup.com/content/datasheet/asset/file/PYU-RC_GROUP_51_ROHS_L"; VariantName = "[No Variations]"
Change component parameters (AddParameter): Name = "Manufacturer_Name"; Value = "Yageo"; VariantName = "[No Variations]"
Change component parameters (AddParameter): Name = "Manufacturer_Part_Number"; Value = "RC0402FR-073K3L"; VariantName = "[No Variations]"
Change component parameters (AddParameter): Name = "RefDes"; Value = ""; VariantName = "[No Variations]"
Change component parameters (AddParameter): Name = "Supplier"; Value = "Digikey"; VariantName = "[No Variations]"
Change component parameters (AddParameter): Name = "Supplier 1"; Value = "DigiKey"; VariantName = "[No Variations]"
Change component parameters (AddParameter): Name = "Supplier Part Number 1"; Value = "311-3.30KLRCT-ND"; VariantName = "[No Variations]"
Change component parameters (AddParameter): Name = "Type"; Value = ""; VariantName = "[No Variations]"
Change component parameters (AddParameter): Name = "Value"; Value = "3.3k"; VariantName = "[No Variations]"
Change component parameters: Designator = "R46" ("R46"); Footprint = "RESC1005X40N"; UniqueID = "\GNVGQBQY\JPGFDDEJ" ("\GNVGQBQY\JPGFDDEJ")
Change component parameters (AddParameter): Name = "Copyright"; Value = "Copyright (C) 2025 Ultra Librarian. All rights reserved."; VariantName = "[No Variations]"
Change component parameters (AddParameter): Name = "Datasheet Link"; Value = "https://yageogroup.com/content/datasheet/asset/file/PYU-RC_GROUP_51_ROHS_L"; VariantName = "[No Variations]"
Change component parameters (AddParameter): Name = "Manufacturer_Name"; Value = "Yageo"; VariantName = "[No Variations]"
Change component parameters (AddParameter): Name = "Manufacturer_Part_Number"; Value = "RC0402FR-075K1L"; VariantName = "[No Variations]"
Change component parameters (AddParameter): Name = "RefDes"; Value = ""; VariantName = "[No Variations]"
Change component parameters (AddParameter): Name = "Supplier"; Value = "Digikey"; VariantName = "[No Variations]"
Change component parameters (AddParameter): Name = "Supplier 1"; Value = "DigiKey"; VariantName = "[No Variations]"
Change component parameters (AddParameter): Name = "Supplier Part Number 1"; Value = "311-5.10KLRDKR-ND"; VariantName = "[No Variations]"
Change component parameters (AddParameter): Name = "Type"; Value = ""; VariantName = "[No Variations]"
Change component parameters (AddParameter): Name = "Value"; Value = "5.1k"; VariantName = "[No Variations]"
Change component parameters: Designator = "R47" ("R47"); Footprint = "RESC1005X40N"; UniqueID = "\GNVGQBQY\OUTFIPWM" ("\GNVGQBQY\OUTFIPWM")
Change component parameters (AddParameter): Name = "Copyright"; Value = "Copyright (C) 2025 Ultra Librarian. All rights reserved."; VariantName = "[No Variations]"
Change component parameters (AddParameter): Name = "Datasheet Link"; Value = "https://yageogroup.com/content/datasheet/asset/file/PYU-RC_GROUP_51_ROHS_L"; VariantName = "[No Variations]"
Change component parameters (AddParameter): Name = "Manufacturer_Name"; Value = "Yageo"; VariantName = "[No Variations]"
Change component parameters (AddParameter): Name = "Manufacturer_Part_Number"; Value = "RC0402FR-075K1L"; VariantName = "[No Variations]"
Change component parameters (AddParameter): Name = "RefDes"; Value = ""; VariantName = "[No Variations]"
Change component parameters (AddParameter): Name = "Supplier"; Value = "Digikey"; VariantName = "[No Variations]"
Change component parameters (AddParameter): Name = "Supplier 1"; Value = "DigiKey"; VariantName = "[No Variations]"
Change component parameters (AddParameter): Name = "Supplier Part Number 1"; Value = "311-5.10KLRDKR-ND"; VariantName = "[No Variations]"
Change component parameters (AddParameter): Name = "Type"; Value = ""; VariantName = "[No Variations]"
Change component parameters (AddParameter): Name = "Value"; Value = "5.1k"; VariantName = "[No Variations]"
